17.06.2015 15:39:14 INFO  MenuPagesController:38 - get /contact_us page
17.06.2015 15:39:20 INFO  EmailSendController:102 - get /updateCaptcha ws page
17.06.2015 15:39:20 INFO  CaptchaDAOImpl:59 - com.mtsmda.myBlog.daoImplSp.CaptchaDAOImpl.getRandomCaptcha()
17.06.2015 15:39:20 INFO  CaptchaDAOImpl:63 - call SelectRandomCaptcha stored procedure
17.06.2015 15:39:22 INFO  MenuPagesController:38 - get /contact_us page
17.06.2015 15:39:22 INFO  EmailSendController:102 - get /updateCaptcha ws page
17.06.2015 15:39:22 INFO  CaptchaDAOImpl:59 - com.mtsmda.myBlog.daoImplSp.CaptchaDAOImpl.getRandomCaptcha()
17.06.2015 15:39:22 INFO  CaptchaDAOImpl:63 - call SelectRandomCaptcha stored procedure
17.06.2015 15:39:24 INFO  CaptchaDAOImpl:85 - get captcha object from result sp
17.06.2015 15:39:24 INFO  CaptchaDAOImpl:85 - get captcha object from result sp
17.06.2015 15:39:24 INFO  CaptchaDAOImpl:69 - com.mtsmda.myBlog.daoImplSp.CaptchaDAOImpl.getRandomCaptcha() return captcha object Captcha{idCaptcha=1, pathToImage='/resources/images/captcha/45634bfg4.png', valueCaptcha='Cth0HspF5Bg'}
17.06.2015 15:39:24 INFO  CaptchaDAOImpl:69 - com.mtsmda.myBlog.daoImplSp.CaptchaDAOImpl.getRandomCaptcha() return captcha object Captcha{idCaptcha=4, pathToImage='/resources/images/captcha/dfsg69werth.png', valueCaptcha='5YydfD97Ngg'}
17.06.2015 15:39:24 INFO  EmailSendController:104 - get captcha object Captcha{idCaptcha=4, pathToImage='/resources/images/captcha/dfsg69werth.png', valueCaptcha='5YydfD97Ngg'}
17.06.2015 15:39:24 INFO  EmailSendController:106 - removed value captcha
17.06.2015 15:39:24 INFO  EmailSendController:104 - get captcha object Captcha{idCaptcha=1, pathToImage='/resources/images/captcha/45634bfg4.png', valueCaptcha='Cth0HspF5Bg'}
17.06.2015 15:39:24 INFO  EmailSendController:106 - removed value captcha
17.06.2015 15:39:25 INFO  MenuPagesController:38 - get /contact_us page
17.06.2015 15:39:25 INFO  EmailSendController:102 - get /updateCaptcha ws page
17.06.2015 15:39:25 INFO  CaptchaDAOImpl:59 - com.mtsmda.myBlog.daoImplSp.CaptchaDAOImpl.getRandomCaptcha()
17.06.2015 15:39:25 INFO  CaptchaDAOImpl:63 - call SelectRandomCaptcha stored procedure
17.06.2015 15:39:25 INFO  CaptchaDAOImpl:85 - get captcha object from result sp
17.06.2015 15:39:25 INFO  CaptchaDAOImpl:69 - com.mtsmda.myBlog.daoImplSp.CaptchaDAOImpl.getRandomCaptcha() return captcha object Captcha{idCaptcha=5, pathToImage='/resources/images/captcha/eyte6yeh76iu64.png', valueCaptcha='M95GTGh10Bg'}
17.06.2015 15:39:25 INFO  EmailSendController:104 - get captcha object Captcha{idCaptcha=5, pathToImage='/resources/images/captcha/eyte6yeh76iu64.png', valueCaptcha='M95GTGh10Bg'}
17.06.2015 15:39:25 INFO  EmailSendController:106 - removed value captcha
17.06.2015 15:44:13 INFO  EmailSendController:43 - input to sendEmail method
17.06.2015 15:44:13 INFO  EmailSendController:74 - create message - Name - imyaMoeEmail is - 456456@mail.ruPhone number is - 125953Message subject is - simpleThemeMessage  - 65u jjh
17.06.2015 15:45:12 INFO  EmailSendController:96 - Message successfully send
17.06.2015 15:46:32 INFO  EmailSendController:102 - get /updateCaptcha ws page
17.06.2015 15:46:32 INFO  CaptchaDAOImpl:59 - com.mtsmda.myBlog.daoImplSp.CaptchaDAOImpl.getRandomCaptcha()
17.06.2015 15:46:32 INFO  CaptchaDAOImpl:63 - call SelectRandomCaptcha stored procedure
17.06.2015 15:46:35 INFO  CaptchaDAOImpl:85 - get captcha object from result sp
17.06.2015 15:46:35 INFO  CaptchaDAOImpl:69 - com.mtsmda.myBlog.daoImplSp.CaptchaDAOImpl.getRandomCaptcha() return captcha object Captcha{idCaptcha=3, pathToImage='/resources/images/captcha/dfgre45fg.png', valueCaptcha='5Yydfdk43Vr'}
17.06.2015 15:46:35 INFO  EmailSendController:104 - get captcha object Captcha{idCaptcha=3, pathToImage='/resources/images/captcha/dfgre45fg.png', valueCaptcha='5Yydfdk43Vr'}
17.06.2015 15:46:35 INFO  EmailSendController:106 - removed value captcha
17.06.2015 19:24:54 INFO  MenuPagesController:38 - get /contact_us page
17.06.2015 19:24:57 INFO  EmailSendController:102 - get /updateCaptcha ws page
17.06.2015 19:24:57 INFO  CaptchaDAOImpl:59 - com.mtsmda.myBlog.daoImplSp.CaptchaDAOImpl.getRandomCaptcha()
17.06.2015 19:24:57 INFO  CaptchaDAOImpl:63 - call SelectRandomCaptcha stored procedure
17.06.2015 19:24:57 INFO  CaptchaDAOImpl:85 - get captcha object from result sp
17.06.2015 19:24:57 INFO  CaptchaDAOImpl:69 - com.mtsmda.myBlog.daoImplSp.CaptchaDAOImpl.getRandomCaptcha() return captcha object Captcha{idCaptcha=2, pathToImage='/resources/images/captcha/asdfskhds15ds.png', valueCaptcha='GY5dfdk43rV'}
17.06.2015 19:24:57 INFO  EmailSendController:104 - get captcha object Captcha{idCaptcha=2, pathToImage='/resources/images/captcha/asdfskhds15ds.png', valueCaptcha='GY5dfdk43rV'}
17.06.2015 19:24:57 INFO  EmailSendController:106 - removed value captcha
18.06.2015 12:41:07 INFO  MenuPagesController:38 - get /contact_us page
18.06.2015 12:41:09 INFO  EmailSendController:102 - get /updateCaptcha ws page
18.06.2015 12:41:09 INFO  CaptchaDAOImpl:59 - com.mtsmda.myBlog.daoImplSp.CaptchaDAOImpl.getRandomCaptcha()
18.06.2015 12:41:09 INFO  CaptchaDAOImpl:63 - call SelectRandomCaptcha stored procedure
18.06.2015 12:41:09 INFO  CaptchaDAOImpl:85 - get captcha object from result sp
18.06.2015 12:41:09 INFO  CaptchaDAOImpl:69 - com.mtsmda.myBlog.daoImplSp.CaptchaDAOImpl.getRandomCaptcha() return captcha object Captcha{idCaptcha=3, pathToImage='/resources/images/captcha/dfgre45fg.png', valueCaptcha='5Yydfdk43Vr'}
18.06.2015 12:41:09 INFO  EmailSendController:104 - get captcha object Captcha{idCaptcha=3, pathToImage='/resources/images/captcha/dfgre45fg.png', valueCaptcha='5Yydfdk43Vr'}
18.06.2015 12:41:09 INFO  EmailSendController:106 - removed value captcha
18.06.2015 13:14:51 INFO  MenuPagesController:38 - get /contact_us page
18.06.2015 13:14:51 INFO  EmailSendController:102 - get /updateCaptcha ws page
18.06.2015 13:14:51 INFO  CaptchaDAOImpl:59 - com.mtsmda.myBlog.daoImplSp.CaptchaDAOImpl.getRandomCaptcha()
18.06.2015 13:14:51 INFO  CaptchaDAOImpl:63 - call SelectRandomCaptcha stored procedure
18.06.2015 13:14:51 INFO  CaptchaDAOImpl:85 - get captcha object from result sp
18.06.2015 13:14:51 INFO  CaptchaDAOImpl:69 - com.mtsmda.myBlog.daoImplSp.CaptchaDAOImpl.getRandomCaptcha() return captcha object Captcha{idCaptcha=5, pathToImage='/resources/images/captcha/eyte6yeh76iu64.png', valueCaptcha='M95GTGh10Bg'}
18.06.2015 13:14:51 INFO  EmailSendController:104 - get captcha object Captcha{idCaptcha=5, pathToImage='/resources/images/captcha/eyte6yeh76iu64.png', valueCaptcha='M95GTGh10Bg'}
18.06.2015 13:14:51 INFO  EmailSendController:106 - removed value captcha
18.06.2015 13:14:52 INFO  EmailSendController:102 - get /updateCaptcha ws page
18.06.2015 13:14:52 INFO  CaptchaDAOImpl:59 - com.mtsmda.myBlog.daoImplSp.CaptchaDAOImpl.getRandomCaptcha()
18.06.2015 13:14:52 INFO  CaptchaDAOImpl:63 - call SelectRandomCaptcha stored procedure
18.06.2015 13:14:52 INFO  CaptchaDAOImpl:85 - get captcha object from result sp
18.06.2015 13:14:52 INFO  CaptchaDAOImpl:69 - com.mtsmda.myBlog.daoImplSp.CaptchaDAOImpl.getRandomCaptcha() return captcha object Captcha{idCaptcha=4, pathToImage='/resources/images/captcha/dfsg69werth.png', valueCaptcha='5YydfD97Ngg'}
18.06.2015 13:14:52 INFO  EmailSendController:104 - get captcha object Captcha{idCaptcha=4, pathToImage='/resources/images/captcha/dfsg69werth.png', valueCaptcha='5YydfD97Ngg'}
18.06.2015 13:14:52 INFO  EmailSendController:106 - removed value captcha
18.06.2015 13:15:31 INFO  EmailSendController:43 - input to sendEmail method
18.06.2015 13:15:31 INFO  EmailSendController:74 - create message - Name - imyaMoeEmail is - 456456@mail.ruPhone number is - 125953Message subject is - simpleThemeMessage  - ghfghf
18.06.2015 13:15:32 INFO  EmailSendController:43 - input to sendEmail method
18.06.2015 13:15:32 INFO  EmailSendController:74 - create message - Name - imyaMoeEmail is - 456456@mail.ruPhone number is - 125953Message subject is - simpleThemeMessage  - gjgjyt6
18.06.2015 13:15:37 INFO  EmailSendController:96 - Message successfully send
18.06.2015 13:15:37 INFO  EmailSendController:96 - Message successfully send
18.06.2015 13:15:55 INFO  EmailSendController:102 - get /updateCaptcha ws page
18.06.2015 13:15:55 INFO  CaptchaDAOImpl:59 - com.mtsmda.myBlog.daoImplSp.CaptchaDAOImpl.getRandomCaptcha()
18.06.2015 13:15:55 INFO  CaptchaDAOImpl:63 - call SelectRandomCaptcha stored procedure
18.06.2015 13:15:55 INFO  CaptchaDAOImpl:85 - get captcha object from result sp
18.06.2015 13:15:55 INFO  CaptchaDAOImpl:69 - com.mtsmda.myBlog.daoImplSp.CaptchaDAOImpl.getRandomCaptcha() return captcha object Captcha{idCaptcha=1, pathToImage='/resources/images/captcha/45634bfg4.png', valueCaptcha='Cth0HspF5Bg'}
18.06.2015 13:15:55 INFO  EmailSendController:104 - get captcha object Captcha{idCaptcha=1, pathToImage='/resources/images/captcha/45634bfg4.png', valueCaptcha='Cth0HspF5Bg'}
18.06.2015 13:15:55 INFO  EmailSendController:106 - removed value captcha
18.06.2015 13:17:07 INFO  EmailSendController:43 - input to sendEmail method
18.06.2015 13:17:07 INFO  EmailSendController:74 - create message - Name - imyaMoeEmail is - 456456@mail.ruPhone number is - 125953Message subject is - simpleThemeMessage  - iuo89oliulhj
18.06.2015 13:17:13 INFO  EmailSendController:96 - Message successfully send
18.06.2015 13:17:19 INFO  EmailSendController:102 - get /updateCaptcha ws page
18.06.2015 13:17:19 INFO  CaptchaDAOImpl:59 - com.mtsmda.myBlog.daoImplSp.CaptchaDAOImpl.getRandomCaptcha()
18.06.2015 13:17:19 INFO  CaptchaDAOImpl:63 - call SelectRandomCaptcha stored procedure
18.06.2015 13:17:19 INFO  CaptchaDAOImpl:85 - get captcha object from result sp
18.06.2015 13:17:19 INFO  CaptchaDAOImpl:69 - com.mtsmda.myBlog.daoImplSp.CaptchaDAOImpl.getRandomCaptcha() return captcha object Captcha{idCaptcha=3, pathToImage='/resources/images/captcha/dfgre45fg.png', valueCaptcha='5Yydfdk43Vr'}
18.06.2015 13:17:19 INFO  EmailSendController:104 - get captcha object Captcha{idCaptcha=3, pathToImage='/resources/images/captcha/dfgre45fg.png', valueCaptcha='5Yydfdk43Vr'}
18.06.2015 13:17:19 INFO  EmailSendController:106 - removed value captcha
18.06.2015 13:17:56 INFO  EmailSendController:43 - input to sendEmail method
18.06.2015 13:17:58 INFO  EmailSendController:74 - create message - Name - imyaMoeEmail is - 456456@mail.ruPhone number is - 125953Message subject is - simpleThemeMessage  - 8puoipuoipip
18.06.2015 13:18:01 INFO  EmailSendController:96 - Message successfully send
18.06.2015 13:18:02 INFO  EmailSendController:102 - get /updateCaptcha ws page
18.06.2015 13:18:02 INFO  CaptchaDAOImpl:59 - com.mtsmda.myBlog.daoImplSp.CaptchaDAOImpl.getRandomCaptcha()
18.06.2015 13:18:02 INFO  CaptchaDAOImpl:63 - call SelectRandomCaptcha stored procedure
18.06.2015 13:18:02 INFO  CaptchaDAOImpl:85 - get captcha object from result sp
18.06.2015 13:18:02 INFO  CaptchaDAOImpl:69 - com.mtsmda.myBlog.daoImplSp.CaptchaDAOImpl.getRandomCaptcha() return captcha object Captcha{idCaptcha=2, pathToImage='/resources/images/captcha/asdfskhds15ds.png', valueCaptcha='GY5dfdk43rV'}
18.06.2015 13:18:02 INFO  EmailSendController:104 - get captcha object Captcha{idCaptcha=2, pathToImage='/resources/images/captcha/asdfskhds15ds.png', valueCaptcha='GY5dfdk43rV'}
18.06.2015 13:18:02 INFO  EmailSendController:106 - removed value captcha
18.06.2015 13:21:48 INFO  MenuPagesController:38 - get /contact_us page
18.06.2015 13:21:50 INFO  EmailSendController:102 - get /updateCaptcha ws page
18.06.2015 13:21:50 INFO  CaptchaDAOImpl:59 - com.mtsmda.myBlog.daoImplSp.CaptchaDAOImpl.getRandomCaptcha()
18.06.2015 13:21:50 INFO  CaptchaDAOImpl:63 - call SelectRandomCaptcha stored procedure
18.06.2015 13:21:50 INFO  CaptchaDAOImpl:85 - get captcha object from result sp
18.06.2015 13:21:50 INFO  CaptchaDAOImpl:69 - com.mtsmda.myBlog.daoImplSp.CaptchaDAOImpl.getRandomCaptcha() return captcha object Captcha{idCaptcha=1, pathToImage='/resources/images/captcha/45634bfg4.png', valueCaptcha='Cth0HspF5Bg'}
18.06.2015 13:21:50 INFO  EmailSendController:104 - get captcha object Captcha{idCaptcha=1, pathToImage='/resources/images/captcha/45634bfg4.png', valueCaptcha='Cth0HspF5Bg'}
18.06.2015 13:21:50 INFO  EmailSendController:106 - removed value captcha
18.06.2015 13:22:28 INFO  EmailSendController:43 - input to sendEmail method
18.06.2015 13:22:28 INFO  EmailSendController:74 - create message - Name - imyaMoeEmail is - 456456@mail.ruPhone number is - 125953Message subject is - simpleThemeMessage  - 45y6hge45yh
18.06.2015 13:22:31 INFO  EmailSendController:96 - Message successfully send
18.06.2015 13:22:49 INFO  EmailSendController:102 - get /updateCaptcha ws page
18.06.2015 13:22:49 INFO  CaptchaDAOImpl:59 - com.mtsmda.myBlog.daoImplSp.CaptchaDAOImpl.getRandomCaptcha()
18.06.2015 13:22:49 INFO  CaptchaDAOImpl:63 - call SelectRandomCaptcha stored procedure
18.06.2015 13:22:49 INFO  CaptchaDAOImpl:85 - get captcha object from result sp
18.06.2015 13:22:49 INFO  CaptchaDAOImpl:69 - com.mtsmda.myBlog.daoImplSp.CaptchaDAOImpl.getRandomCaptcha() return captcha object Captcha{idCaptcha=2, pathToImage='/resources/images/captcha/asdfskhds15ds.png', valueCaptcha='GY5dfdk43rV'}
18.06.2015 13:22:49 INFO  EmailSendController:104 - get captcha object Captcha{idCaptcha=2, pathToImage='/resources/images/captcha/asdfskhds15ds.png', valueCaptcha='GY5dfdk43rV'}
18.06.2015 13:22:49 INFO  EmailSendController:106 - removed value captcha
18.06.2015 14:08:51 INFO  MenuPagesController:38 - get /contact_us page
18.06.2015 14:08:54 INFO  EmailSendController:102 - get /updateCaptcha ws page
18.06.2015 14:08:54 INFO  CaptchaDAOImpl:59 - com.mtsmda.myBlog.daoImplSp.CaptchaDAOImpl.getRandomCaptcha()
18.06.2015 14:08:54 INFO  CaptchaDAOImpl:63 - call SelectRandomCaptcha stored procedure
18.06.2015 14:08:54 INFO  CaptchaDAOImpl:85 - get captcha object from result sp
18.06.2015 14:08:54 INFO  CaptchaDAOImpl:69 - com.mtsmda.myBlog.daoImplSp.CaptchaDAOImpl.getRandomCaptcha() return captcha object Captcha{idCaptcha=1, pathToImage='/resources/images/captcha/45634bfg4.png', valueCaptcha='Cth0HspF5Bg'}
18.06.2015 14:08:54 INFO  EmailSendController:104 - get captcha object Captcha{idCaptcha=1, pathToImage='/resources/images/captcha/45634bfg4.png', valueCaptcha='Cth0HspF5Bg'}
18.06.2015 14:08:54 INFO  EmailSendController:106 - removed value captcha
18.06.2015 14:08:55 INFO  MenuPagesController:38 - get /contact_us page
18.06.2015 14:08:57 INFO  EmailSendController:102 - get /updateCaptcha ws page
18.06.2015 14:08:57 INFO  CaptchaDAOImpl:59 - com.mtsmda.myBlog.daoImplSp.CaptchaDAOImpl.getRandomCaptcha()
18.06.2015 14:08:57 INFO  CaptchaDAOImpl:63 - call SelectRandomCaptcha stored procedure
18.06.2015 14:08:57 INFO  CaptchaDAOImpl:85 - get captcha object from result sp
18.06.2015 14:08:57 INFO  CaptchaDAOImpl:69 - com.mtsmda.myBlog.daoImplSp.CaptchaDAOImpl.getRandomCaptcha() return captcha object Captcha{idCaptcha=4, pathToImage='/resources/images/captcha/dfsg69werth.png', valueCaptcha='5YydfD97Ngg'}
18.06.2015 14:08:57 INFO  EmailSendController:104 - get captcha object Captcha{idCaptcha=4, pathToImage='/resources/images/captcha/dfsg69werth.png', valueCaptcha='5YydfD97Ngg'}
18.06.2015 14:08:57 INFO  EmailSendController:106 - removed value captcha
18.06.2015 14:09:42 INFO  EmailSendController:43 - input to sendEmail method
18.06.2015 14:09:42 INFO  EmailSendController:74 - create message - Name - imyaMoeEmail is - 456456@mail.ruPhone number is - 125953Message subject is - simpleThemeMessage  - yu4urturtu
18.06.2015 14:09:45 INFO  EmailSendController:96 - Message successfully send
18.06.2015 14:09:58 INFO  EmailSendController:102 - get /updateCaptcha ws page
18.06.2015 14:09:58 INFO  CaptchaDAOImpl:59 - com.mtsmda.myBlog.daoImplSp.CaptchaDAOImpl.getRandomCaptcha()
18.06.2015 14:09:58 INFO  CaptchaDAOImpl:63 - call SelectRandomCaptcha stored procedure
18.06.2015 14:09:58 INFO  CaptchaDAOImpl:85 - get captcha object from result sp
18.06.2015 14:09:58 INFO  CaptchaDAOImpl:69 - com.mtsmda.myBlog.daoImplSp.CaptchaDAOImpl.getRandomCaptcha() return captcha object Captcha{idCaptcha=1, pathToImage='/resources/images/captcha/45634bfg4.png', valueCaptcha='Cth0HspF5Bg'}
18.06.2015 14:09:58 INFO  EmailSendController:104 - get captcha object Captcha{idCaptcha=1, pathToImage='/resources/images/captcha/45634bfg4.png', valueCaptcha='Cth0HspF5Bg'}
18.06.2015 14:09:58 INFO  EmailSendController:106 - removed value captcha
18.06.2015 14:23:01 INFO  MenuPagesController:38 - get /contact_us page
18.06.2015 14:23:12 INFO  EmailSendController:102 - get /updateCaptcha ws page
18.06.2015 14:23:12 INFO  CaptchaDAOImpl:59 - com.mtsmda.myBlog.daoImplSp.CaptchaDAOImpl.getRandomCaptcha()
18.06.2015 14:23:12 INFO  CaptchaDAOImpl:63 - call SelectRandomCaptcha stored procedure
18.06.2015 14:23:12 INFO  CaptchaDAOImpl:85 - get captcha object from result sp
18.06.2015 14:23:12 INFO  CaptchaDAOImpl:69 - com.mtsmda.myBlog.daoImplSp.CaptchaDAOImpl.getRandomCaptcha() return captcha object Captcha{idCaptcha=2, pathToImage='/resources/images/captcha/asdfskhds15ds.png', valueCaptcha='GY5dfdk43rV'}
18.06.2015 14:23:12 INFO  EmailSendController:104 - get captcha object Captcha{idCaptcha=2, pathToImage='/resources/images/captcha/asdfskhds15ds.png', valueCaptcha='GY5dfdk43rV'}
18.06.2015 14:23:12 INFO  EmailSendController:106 - removed value captcha
18.06.2015 14:23:51 INFO  EmailSendController:43 - input to sendEmail method
18.06.2015 14:23:51 INFO  EmailSendController:74 - create message - Name - imyaMoeEmail is - 456456@mail.ruPhone number is - 125953Message subject is - simpleThemeMessage  - uyi6ityg
18.06.2015 14:23:55 INFO  EmailSendController:96 - Message successfully send
18.06.2015 14:24:03 INFO  EmailSendController:102 - get /updateCaptcha ws page
18.06.2015 14:24:03 INFO  CaptchaDAOImpl:59 - com.mtsmda.myBlog.daoImplSp.CaptchaDAOImpl.getRandomCaptcha()
18.06.2015 14:24:03 INFO  CaptchaDAOImpl:63 - call SelectRandomCaptcha stored procedure
18.06.2015 14:24:03 INFO  CaptchaDAOImpl:85 - get captcha object from result sp
18.06.2015 14:24:03 INFO  CaptchaDAOImpl:69 - com.mtsmda.myBlog.daoImplSp.CaptchaDAOImpl.getRandomCaptcha() return captcha object Captcha{idCaptcha=3, pathToImage='/resources/images/captcha/dfgre45fg.png', valueCaptcha='5Yydfdk43Vr'}
18.06.2015 14:24:03 INFO  EmailSendController:104 - get captcha object Captcha{idCaptcha=3, pathToImage='/resources/images/captcha/dfgre45fg.png', valueCaptcha='5Yydfdk43Vr'}
18.06.2015 14:24:03 INFO  EmailSendController:106 - removed value captcha
18.06.2015 14:45:54 INFO  MenuPagesController:38 - get /contact_us page
18.06.2015 14:45:57 INFO  EmailSendController:102 - get /updateCaptcha ws page
18.06.2015 14:45:57 INFO  CaptchaDAOImpl:59 - com.mtsmda.myBlog.daoImplSp.CaptchaDAOImpl.getRandomCaptcha()
18.06.2015 14:45:57 INFO  CaptchaDAOImpl:63 - call SelectRandomCaptcha stored procedure
18.06.2015 14:45:57 INFO  CaptchaDAOImpl:85 - get captcha object from result sp
18.06.2015 14:45:57 INFO  CaptchaDAOImpl:69 - com.mtsmda.myBlog.daoImplSp.CaptchaDAOImpl.getRandomCaptcha() return captcha object Captcha{idCaptcha=3, pathToImage='/resources/images/captcha/dfgre45fg.png', valueCaptcha='5Yydfdk43Vr'}
18.06.2015 14:45:57 INFO  EmailSendController:104 - get captcha object Captcha{idCaptcha=3, pathToImage='/resources/images/captcha/dfgre45fg.png', valueCaptcha='5Yydfdk43Vr'}
18.06.2015 14:45:57 INFO  EmailSendController:106 - removed value captcha
18.06.2015 14:46:26 INFO  EmailSendController:43 - input to sendEmail method
18.06.2015 14:46:26 INFO  EmailSendController:74 - create message - Name - imyaMoeEmail is - 456456@mail.ruPhone number is - 125953Message subject is - simpleThemeMessage  - 564tgtrdgd
18.06.2015 14:46:45 INFO  EmailSendController:96 - Message successfully send
18.06.2015 14:46:50 INFO  EmailSendController:102 - get /updateCaptcha ws page
18.06.2015 14:46:50 INFO  CaptchaDAOImpl:59 - com.mtsmda.myBlog.daoImplSp.CaptchaDAOImpl.getRandomCaptcha()
18.06.2015 14:46:50 INFO  CaptchaDAOImpl:63 - call SelectRandomCaptcha stored procedure
18.06.2015 14:46:50 INFO  CaptchaDAOImpl:85 - get captcha object from result sp
18.06.2015 14:46:50 INFO  CaptchaDAOImpl:69 - com.mtsmda.myBlog.daoImplSp.CaptchaDAOImpl.getRandomCaptcha() return captcha object Captcha{idCaptcha=2, pathToImage='/resources/images/captcha/asdfskhds15ds.png', valueCaptcha='GY5dfdk43rV'}
18.06.2015 14:46:50 INFO  EmailSendController:104 - get captcha object Captcha{idCaptcha=2, pathToImage='/resources/images/captcha/asdfskhds15ds.png', valueCaptcha='GY5dfdk43rV'}
18.06.2015 14:46:50 INFO  EmailSendController:106 - removed value captcha
18.06.2015 14:47:09 INFO  MenuPagesController:38 - get /contact_us page
18.06.2015 14:47:10 INFO  EmailSendController:102 - get /updateCaptcha ws page
18.06.2015 14:47:10 INFO  CaptchaDAOImpl:59 - com.mtsmda.myBlog.daoImplSp.CaptchaDAOImpl.getRandomCaptcha()
18.06.2015 14:47:10 INFO  CaptchaDAOImpl:63 - call SelectRandomCaptcha stored procedure
18.06.2015 14:47:10 INFO  CaptchaDAOImpl:85 - get captcha object from result sp
18.06.2015 14:47:10 INFO  CaptchaDAOImpl:69 - com.mtsmda.myBlog.daoImplSp.CaptchaDAOImpl.getRandomCaptcha() return captcha object Captcha{idCaptcha=3, pathToImage='/resources/images/captcha/dfgre45fg.png', valueCaptcha='5Yydfdk43Vr'}
18.06.2015 14:47:10 INFO  EmailSendController:104 - get captcha object Captcha{idCaptcha=3, pathToImage='/resources/images/captcha/dfgre45fg.png', valueCaptcha='5Yydfdk43Vr'}
18.06.2015 14:47:10 INFO  EmailSendController:106 - removed value captcha
18.06.2015 14:47:30 INFO  EmailSendController:43 - input to sendEmail method
18.06.2015 14:47:30 INFO  EmailSendController:74 - create message - Name - imyaMoeEmail is - 456456@mail.ruPhone number is - 125953Message subject is - simpleThemeMessage  - wertfg4w35t4
18.06.2015 14:47:45 INFO  MailService:94 - com.mtsmda.myBlog.email.MailService.sendConfirmationEmail(final MailMessage mailMessage) - error - Mail server connection failed; nested exception is com.sun.mail.util.MailConnectException: Couldn't connect to host, port: smtp.gmail.com, 25; timeout -1;
  nested exception is:
	java.net.UnknownHostException: smtp.gmail.com. Failed messages: com.sun.mail.util.MailConnectException: Couldn't connect to host, port: smtp.gmail.com, 25; timeout -1;
  nested exception is:
	java.net.UnknownHostException: smtp.gmail.com
18.06.2015 14:47:45 INFO  EmailSendController:96 - Message error!
18.06.2015 14:47:55 INFO  EmailSendController:102 - get /updateCaptcha ws page
18.06.2015 14:47:55 INFO  CaptchaDAOImpl:59 - com.mtsmda.myBlog.daoImplSp.CaptchaDAOImpl.getRandomCaptcha()
18.06.2015 14:47:55 INFO  CaptchaDAOImpl:63 - call SelectRandomCaptcha stored procedure
18.06.2015 14:47:55 INFO  CaptchaDAOImpl:85 - get captcha object from result sp
18.06.2015 14:47:55 INFO  CaptchaDAOImpl:69 - com.mtsmda.myBlog.daoImplSp.CaptchaDAOImpl.getRandomCaptcha() return captcha object Captcha{idCaptcha=4, pathToImage='/resources/images/captcha/dfsg69werth.png', valueCaptcha='5YydfD97Ngg'}
18.06.2015 14:47:55 INFO  EmailSendController:104 - get captcha object Captcha{idCaptcha=4, pathToImage='/resources/images/captcha/dfsg69werth.png', valueCaptcha='5YydfD97Ngg'}
18.06.2015 14:47:55 INFO  EmailSendController:106 - removed value captcha
19.06.2015 10:55:29 INFO  MenuPagesController:38 - get /contact_us page
19.06.2015 10:55:31 INFO  EmailSendController:102 - get /updateCaptcha ws page
19.06.2015 10:55:31 INFO  CaptchaDAOImpl:59 - com.mtsmda.myBlog.daoImplSp.CaptchaDAOImpl.getRandomCaptcha()
19.06.2015 10:55:31 INFO  CaptchaDAOImpl:63 - call SelectRandomCaptcha stored procedure
19.06.2015 10:55:32 INFO  CaptchaDAOImpl:85 - get captcha object from result sp
19.06.2015 10:55:32 INFO  CaptchaDAOImpl:69 - com.mtsmda.myBlog.daoImplSp.CaptchaDAOImpl.getRandomCaptcha() return captcha object Captcha{idCaptcha=3, pathToImage='/resources/images/captcha/dfgre45fg.png', valueCaptcha='5Yydfdk43Vr'}
19.06.2015 10:55:32 INFO  EmailSendController:104 - get captcha object Captcha{idCaptcha=3, pathToImage='/resources/images/captcha/dfgre45fg.png', valueCaptcha='5Yydfdk43Vr'}
19.06.2015 10:55:32 INFO  EmailSendController:106 - removed value captcha
19.06.2015 10:55:55 INFO  EmailSendController:43 - input to sendEmail method
19.06.2015 10:55:55 INFO  EmailSendController:74 - create message - Name - imyaMoeEmail is - 456456@mail.ruPhone number is - 125953Message subject is - simpleThemeMessage  - y97oyho
19.06.2015 10:56:02 INFO  EmailSendController:96 - Message successfully send
19.06.2015 10:56:08 INFO  EmailSendController:102 - get /updateCaptcha ws page
19.06.2015 10:56:08 INFO  CaptchaDAOImpl:59 - com.mtsmda.myBlog.daoImplSp.CaptchaDAOImpl.getRandomCaptcha()
19.06.2015 10:56:08 INFO  CaptchaDAOImpl:63 - call SelectRandomCaptcha stored procedure
19.06.2015 10:56:08 INFO  CaptchaDAOImpl:85 - get captcha object from result sp
19.06.2015 10:56:08 INFO  CaptchaDAOImpl:69 - com.mtsmda.myBlog.daoImplSp.CaptchaDAOImpl.getRandomCaptcha() return captcha object Captcha{idCaptcha=1, pathToImage='/resources/images/captcha/45634bfg4.png', valueCaptcha='Cth0HspF5Bg'}
19.06.2015 10:56:08 INFO  EmailSendController:104 - get captcha object Captcha{idCaptcha=1, pathToImage='/resources/images/captcha/45634bfg4.png', valueCaptcha='Cth0HspF5Bg'}
19.06.2015 10:56:08 INFO  EmailSendController:106 - removed value captcha
19.06.2015 13:23:10 INFO  MenuPagesController:38 - get /contact_us page
19.06.2015 13:23:15 INFO  EmailSendController:117 - get /updateCaptcha ws page
19.06.2015 13:23:15 INFO  CaptchaDAOImpl:59 - com.mtsmda.myBlog.daoImplSp.CaptchaDAOImpl.getRandomCaptcha()
19.06.2015 13:23:15 INFO  CaptchaDAOImpl:63 - call SelectRandomCaptcha stored procedure
19.06.2015 13:23:15 INFO  CaptchaDAOImpl:85 - get captcha object from result sp
19.06.2015 13:23:15 INFO  CaptchaDAOImpl:69 - com.mtsmda.myBlog.daoImplSp.CaptchaDAOImpl.getRandomCaptcha() return captcha object Captcha{idCaptcha=3, pathToImage='/resources/images/captcha/dfgre45fg.png', valueCaptcha='5Yydfdk43Vr'}
19.06.2015 13:23:15 INFO  EmailSendController:119 - get captcha object Captcha{idCaptcha=3, pathToImage='/resources/images/captcha/dfgre45fg.png', valueCaptcha='5Yydfdk43Vr'}
19.06.2015 13:23:15 INFO  EmailSendController:121 - removed value captcha
19.06.2015 13:24:51 INFO  EmailSendController:117 - get /updateCaptcha ws page
19.06.2015 13:24:51 INFO  CaptchaDAOImpl:59 - com.mtsmda.myBlog.daoImplSp.CaptchaDAOImpl.getRandomCaptcha()
19.06.2015 13:24:51 INFO  CaptchaDAOImpl:63 - call SelectRandomCaptcha stored procedure
19.06.2015 13:24:51 INFO  CaptchaDAOImpl:85 - get captcha object from result sp
19.06.2015 13:24:51 INFO  CaptchaDAOImpl:69 - com.mtsmda.myBlog.daoImplSp.CaptchaDAOImpl.getRandomCaptcha() return captcha object Captcha{idCaptcha=1, pathToImage='/resources/images/captcha/45634bfg4.png', valueCaptcha='Cth0HspF5Bg'}
19.06.2015 13:24:51 INFO  EmailSendController:119 - get captcha object Captcha{idCaptcha=1, pathToImage='/resources/images/captcha/45634bfg4.png', valueCaptcha='Cth0HspF5Bg'}
19.06.2015 13:24:51 INFO  EmailSendController:121 - removed value captcha
19.06.2015 13:26:30 INFO  EmailSendController:50 - input to sendEmail method
19.06.2015 13:26:30 INFO  EmailSendController:90 - create message - Name - imyaMoeEmail is - 456456@mail.ruPhone number is - 125953Message subject is - simpleThemeMessage  - 78utjghjkMessage  - 0 13:25:0.262
19.06.2015 13:26:35 INFO  EmailSendController:102 - send email successful
19.06.2015 13:26:35 INFO  EmailSendController:108 - insert mail in database
19.06.2015 13:26:35 INFO  EmailSendController:110 - Message successfully send
19.06.2015 13:26:54 INFO  EmailSendController:117 - get /updateCaptcha ws page
19.06.2015 13:26:54 INFO  CaptchaDAOImpl:59 - com.mtsmda.myBlog.daoImplSp.CaptchaDAOImpl.getRandomCaptcha()
19.06.2015 13:26:54 INFO  CaptchaDAOImpl:63 - call SelectRandomCaptcha stored procedure
19.06.2015 13:26:54 INFO  CaptchaDAOImpl:85 - get captcha object from result sp
19.06.2015 13:26:54 INFO  CaptchaDAOImpl:69 - com.mtsmda.myBlog.daoImplSp.CaptchaDAOImpl.getRandomCaptcha() return captcha object Captcha{idCaptcha=3, pathToImage='/resources/images/captcha/dfgre45fg.png', valueCaptcha='5Yydfdk43Vr'}
19.06.2015 13:26:54 INFO  EmailSendController:119 - get captcha object Captcha{idCaptcha=3, pathToImage='/resources/images/captcha/dfgre45fg.png', valueCaptcha='5Yydfdk43Vr'}
19.06.2015 13:26:54 INFO  EmailSendController:121 - removed value captcha
19.06.2015 13:32:42 INFO  MenuPagesController:38 - get /contact_us page
19.06.2015 13:32:44 INFO  EmailSendController:117 - get /updateCaptcha ws page
19.06.2015 13:32:45 INFO  CaptchaDAOImpl:59 - com.mtsmda.myBlog.daoImplSp.CaptchaDAOImpl.getRandomCaptcha()
19.06.2015 13:32:45 INFO  CaptchaDAOImpl:63 - call SelectRandomCaptcha stored procedure
19.06.2015 13:32:45 INFO  CaptchaDAOImpl:85 - get captcha object from result sp
19.06.2015 13:32:45 INFO  CaptchaDAOImpl:69 - com.mtsmda.myBlog.daoImplSp.CaptchaDAOImpl.getRandomCaptcha() return captcha object Captcha{idCaptcha=1, pathToImage='/resources/images/captcha/45634bfg4.png', valueCaptcha='Cth0HspF5Bg'}
19.06.2015 13:32:45 INFO  EmailSendController:119 - get captcha object Captcha{idCaptcha=1, pathToImage='/resources/images/captcha/45634bfg4.png', valueCaptcha='Cth0HspF5Bg'}
19.06.2015 13:32:45 INFO  EmailSendController:121 - removed value captcha
19.06.2015 13:32:59 INFO  EmailSendController:117 - get /updateCaptcha ws page
19.06.2015 13:32:59 INFO  CaptchaDAOImpl:59 - com.mtsmda.myBlog.daoImplSp.CaptchaDAOImpl.getRandomCaptcha()
19.06.2015 13:32:59 INFO  CaptchaDAOImpl:63 - call SelectRandomCaptcha stored procedure
19.06.2015 13:32:59 INFO  CaptchaDAOImpl:85 - get captcha object from result sp
19.06.2015 13:32:59 INFO  CaptchaDAOImpl:69 - com.mtsmda.myBlog.daoImplSp.CaptchaDAOImpl.getRandomCaptcha() return captcha object Captcha{idCaptcha=5, pathToImage='/resources/images/captcha/eyte6yeh76iu64.png', valueCaptcha='M95GTGh10Bg'}
19.06.2015 13:32:59 INFO  EmailSendController:119 - get captcha object Captcha{idCaptcha=5, pathToImage='/resources/images/captcha/eyte6yeh76iu64.png', valueCaptcha='M95GTGh10Bg'}
19.06.2015 13:32:59 INFO  EmailSendController:121 - removed value captcha
19.06.2015 13:33:40 INFO  EmailSendController:50 - input to sendEmail method
19.06.2015 13:33:56 INFO  MenuPagesController:38 - get /contact_us page
19.06.2015 13:33:59 INFO  EmailSendController:117 - get /updateCaptcha ws page
19.06.2015 13:33:59 INFO  CaptchaDAOImpl:59 - com.mtsmda.myBlog.daoImplSp.CaptchaDAOImpl.getRandomCaptcha()
19.06.2015 13:33:59 INFO  CaptchaDAOImpl:63 - call SelectRandomCaptcha stored procedure
19.06.2015 13:33:59 INFO  CaptchaDAOImpl:85 - get captcha object from result sp
19.06.2015 13:33:59 INFO  CaptchaDAOImpl:69 - com.mtsmda.myBlog.daoImplSp.CaptchaDAOImpl.getRandomCaptcha() return captcha object Captcha{idCaptcha=3, pathToImage='/resources/images/captcha/dfgre45fg.png', valueCaptcha='5Yydfdk43Vr'}
19.06.2015 13:33:59 INFO  EmailSendController:119 - get captcha object Captcha{idCaptcha=3, pathToImage='/resources/images/captcha/dfgre45fg.png', valueCaptcha='5Yydfdk43Vr'}
19.06.2015 13:33:59 INFO  EmailSendController:121 - removed value captcha
19.06.2015 13:34:01 INFO  EmailSendController:50 - input to sendEmail method
19.06.2015 13:34:02 INFO  EmailSendController:90 - create message - Name - imyaMoeEmail is - 456456@mail.ruPhone number is - 125953Message subject is - simpleThemeMessage  - 56utjjgf56Message  - 19.6.2015 13:33:2.438
19.06.2015 13:34:04 INFO  EmailSendController:102 - send email successful
19.06.2015 13:34:04 INFO  EmailSendController:108 - insert mail in database
19.06.2015 13:34:04 INFO  EmailSendController:110 - Message successfully send
19.06.2015 13:34:37 INFO  EmailSendController:50 - input to sendEmail method
19.06.2015 13:35:13 INFO  EmailSendController:90 - create message - Name - imyaMoeEmail is - 456456@mail.ruPhone number is - 125953Message subject is - simpleThemeMessage  - 56hgfherthMessage  - 19.06.2015 13:34:21.68
19.06.2015 13:35:15 INFO  EmailSendController:102 - send email successful
19.06.2015 13:35:15 INFO  EmailSendController:108 - insert mail in database
19.06.2015 13:35:15 INFO  EmailSendController:110 - Message successfully send
19.06.2015 13:35:19 INFO  EmailSendController:117 - get /updateCaptcha ws page
19.06.2015 13:35:19 INFO  CaptchaDAOImpl:59 - com.mtsmda.myBlog.daoImplSp.CaptchaDAOImpl.getRandomCaptcha()
19.06.2015 13:35:19 INFO  CaptchaDAOImpl:63 - call SelectRandomCaptcha stored procedure
19.06.2015 13:35:19 INFO  CaptchaDAOImpl:85 - get captcha object from result sp
19.06.2015 13:35:19 INFO  CaptchaDAOImpl:69 - com.mtsmda.myBlog.daoImplSp.CaptchaDAOImpl.getRandomCaptcha() return captcha object Captcha{idCaptcha=1, pathToImage='/resources/images/captcha/45634bfg4.png', valueCaptcha='Cth0HspF5Bg'}
19.06.2015 13:35:19 INFO  EmailSendController:119 - get captcha object Captcha{idCaptcha=1, pathToImage='/resources/images/captcha/45634bfg4.png', valueCaptcha='Cth0HspF5Bg'}
19.06.2015 13:35:19 INFO  EmailSendController:121 - removed value captcha
19.06.2015 16:23:23 INFO  MenuPagesController:38 - get /contact_us page
19.06.2015 16:23:25 INFO  EmailSendController:119 - get /updateCaptcha ws page
19.06.2015 16:23:25 INFO  CaptchaDAOImpl:59 - com.mtsmda.myBlog.daoImplSp.CaptchaDAOImpl.getRandomCaptcha()
19.06.2015 16:23:25 INFO  CaptchaDAOImpl:63 - call SelectRandomCaptcha stored procedure
19.06.2015 16:23:29 INFO  CaptchaDAOImpl:85 - get captcha object from result sp
19.06.2015 16:23:29 INFO  CaptchaDAOImpl:69 - com.mtsmda.myBlog.daoImplSp.CaptchaDAOImpl.getRandomCaptcha() return captcha object Captcha{idCaptcha=4, pathToImage='/resources/images/captcha/dfsg69werth.png', valueCaptcha='5YydfD97Ngg'}
19.06.2015 16:23:29 INFO  EmailSendController:121 - get captcha object Captcha{idCaptcha=4, pathToImage='/resources/images/captcha/dfsg69werth.png', valueCaptcha='5YydfD97Ngg'}
19.06.2015 16:23:29 INFO  EmailSendController:123 - removed value captcha
19.06.2015 16:23:42 INFO  EmailSendController:51 - input to sendEmail method
19.06.2015 16:24:04 INFO  EmailSendController:92 - create message - Name - imyaMoeEmail is - 456456@mail.ruPhone number is - 125953Message subject is - simpleThemeMessage  - 5ujhr5yhMessage  - 19.06.2015 16:23:38.996
19.06.2015 16:24:08 INFO  EmailSendController:104 - send email successful
19.06.2015 16:24:08 INFO  EmailSendController:110 - insert mail in database
19.06.2015 16:24:08 INFO  EmailSendController:112 - Message successfully send
19.06.2015 16:24:13 INFO  EmailSendController:119 - get /updateCaptcha ws page
19.06.2015 16:24:13 INFO  CaptchaDAOImpl:59 - com.mtsmda.myBlog.daoImplSp.CaptchaDAOImpl.getRandomCaptcha()
19.06.2015 16:24:13 INFO  CaptchaDAOImpl:63 - call SelectRandomCaptcha stored procedure
19.06.2015 16:24:13 INFO  CaptchaDAOImpl:85 - get captcha object from result sp
19.06.2015 16:24:13 INFO  CaptchaDAOImpl:69 - com.mtsmda.myBlog.daoImplSp.CaptchaDAOImpl.getRandomCaptcha() return captcha object Captcha{idCaptcha=1, pathToImage='/resources/images/captcha/45634bfg4.png', valueCaptcha='Cth0HspF5Bg'}
19.06.2015 16:24:13 INFO  EmailSendController:121 - get captcha object Captcha{idCaptcha=1, pathToImage='/resources/images/captcha/45634bfg4.png', valueCaptcha='Cth0HspF5Bg'}
19.06.2015 16:24:13 INFO  EmailSendController:123 - removed value captcha
22.06.2015 10:39:57 INFO  MenuPagesController:38 - get /contact_us page
22.06.2015 10:39:59 INFO  EmailSendController:119 - get /updateCaptcha ws page
22.06.2015 10:39:59 INFO  CaptchaDAOImpl:59 - com.mtsmda.myBlog.daoImplSp.CaptchaDAOImpl.getRandomCaptcha()
22.06.2015 10:39:59 INFO  CaptchaDAOImpl:63 - call SelectRandomCaptcha stored procedure
22.06.2015 10:40:00 INFO  CaptchaDAOImpl:85 - get captcha object from result sp
22.06.2015 10:40:00 INFO  CaptchaDAOImpl:69 - com.mtsmda.myBlog.daoImplSp.CaptchaDAOImpl.getRandomCaptcha() return captcha object Captcha{idCaptcha=2, pathToImage='/resources/images/captcha/asdfskhds15ds.png', valueCaptcha='GY5dfdk43rV'}
22.06.2015 10:40:00 INFO  EmailSendController:121 - get captcha object Captcha{idCaptcha=2, pathToImage='/resources/images/captcha/asdfskhds15ds.png', valueCaptcha='GY5dfdk43rV'}
22.06.2015 10:40:00 INFO  EmailSendController:123 - removed value captcha
22.06.2015 10:40:33 INFO  EmailSendController:51 - input to sendEmail method
22.06.2015 10:40:34 INFO  EmailSendController:92 - create message - Name - imyaMoeEmail is - 456456@mail.ruPhone number is - 125953Message subject is - simpleThemeMessage  - 45ytrhgfdMessage  - 22.06.2015 10:40:27.295
22.06.2015 10:40:43 INFO  EmailSendController:104 - send email successful
22.06.2015 10:40:43 INFO  EmailSendController:110 - insert mail in database
22.06.2015 10:40:43 INFO  EmailSendController:112 - Message successfully send
22.06.2015 10:40:49 INFO  EmailSendController:119 - get /updateCaptcha ws page
22.06.2015 10:40:49 INFO  CaptchaDAOImpl:59 - com.mtsmda.myBlog.daoImplSp.CaptchaDAOImpl.getRandomCaptcha()
22.06.2015 10:40:49 INFO  CaptchaDAOImpl:63 - call SelectRandomCaptcha stored procedure
22.06.2015 10:40:49 INFO  CaptchaDAOImpl:85 - get captcha object from result sp
22.06.2015 10:40:49 INFO  CaptchaDAOImpl:69 - com.mtsmda.myBlog.daoImplSp.CaptchaDAOImpl.getRandomCaptcha() return captcha object Captcha{idCaptcha=4, pathToImage='/resources/images/captcha/dfsg69werth.png', valueCaptcha='5YydfD97Ngg'}
22.06.2015 10:40:49 INFO  EmailSendController:121 - get captcha object Captcha{idCaptcha=4, pathToImage='/resources/images/captcha/dfsg69werth.png', valueCaptcha='5YydfD97Ngg'}
22.06.2015 10:40:49 INFO  EmailSendController:123 - removed value captcha
22.06.2015 14:14:33 INFO  MenuPagesController:38 - get /contact_us page
22.06.2015 14:14:35 INFO  EmailSendController:128 - get /updateCaptcha ws page
22.06.2015 14:14:35 INFO  CaptchaDAOImpl:62 - com.mtsmda.myBlog.daoImplSp.CaptchaDAOImpl.getRandomCaptcha()
22.06.2015 14:14:35 INFO  CaptchaDAOImpl:66 - call SelectRandomCaptcha stored procedure
22.06.2015 14:14:36 INFO  CaptchaDAOImpl:116 - get captcha object from result sp
22.06.2015 14:14:36 INFO  CaptchaDAOImpl:73 - com.mtsmda.myBlog.daoImplSp.CaptchaDAOImpl.getRandomCaptcha() return captcha object Captcha{idCaptcha=2, pathToImage='/resources/images/captcha/asdfskhds15ds.png', valueCaptcha='GY5dfdk43rV'}
22.06.2015 14:14:36 INFO  EmailSendController:130 - get captcha object Captcha{idCaptcha=2, pathToImage='/resources/images/captcha/asdfskhds15ds.png', valueCaptcha='GY5dfdk43rV'}
22.06.2015 14:14:36 INFO  EmailSendController:132 - removed value captcha
22.06.2015 14:15:03 INFO  EmailSendController:50 - input to sendEmail method
22.06.2015 14:15:22 INFO  CaptchaDAOImpl:79 - com.mtsmda.myBlog.daoImplSp.CaptchaDAOImpl.checkCaptcha()
22.06.2015 14:15:44 INFO  CaptchaDAOImpl:89 - call SelectRandomCaptcha stored procedure
22.06.2015 14:16:58 INFO  MenuPagesController:38 - get /contact_us page
22.06.2015 14:16:59 INFO  EmailSendController:128 - get /updateCaptcha ws page
22.06.2015 14:16:59 INFO  CaptchaDAOImpl:62 - com.mtsmda.myBlog.daoImplSp.CaptchaDAOImpl.getRandomCaptcha()
22.06.2015 14:16:59 INFO  CaptchaDAOImpl:66 - call SelectRandomCaptcha stored procedure
22.06.2015 14:16:59 INFO  CaptchaDAOImpl:116 - get captcha object from result sp
22.06.2015 14:16:59 INFO  CaptchaDAOImpl:73 - com.mtsmda.myBlog.daoImplSp.CaptchaDAOImpl.getRandomCaptcha() return captcha object Captcha{idCaptcha=5, pathToImage='/resources/images/captcha/eyte6yeh76iu64.png', valueCaptcha='M95GTGh10Bg'}
22.06.2015 14:16:59 INFO  EmailSendController:130 - get captcha object Captcha{idCaptcha=5, pathToImage='/resources/images/captcha/eyte6yeh76iu64.png', valueCaptcha='M95GTGh10Bg'}
22.06.2015 14:16:59 INFO  EmailSendController:132 - removed value captcha
22.06.2015 14:17:56 INFO  EmailSendController:50 - input to sendEmail method
22.06.2015 14:18:01 INFO  CaptchaDAOImpl:79 - com.mtsmda.myBlog.daoImplSp.CaptchaDAOImpl.checkCaptcha()
22.06.2015 14:18:09 INFO  CaptchaDAOImpl:89 - call SelectRandomCaptcha stored procedure
22.06.2015 14:19:20 INFO  MenuPagesController:38 - get /contact_us page
22.06.2015 14:19:22 INFO  EmailSendController:128 - get /updateCaptcha ws page
22.06.2015 14:19:22 INFO  CaptchaDAOImpl:62 - com.mtsmda.myBlog.daoImplSp.CaptchaDAOImpl.getRandomCaptcha()
22.06.2015 14:19:22 INFO  CaptchaDAOImpl:66 - call SelectRandomCaptcha stored procedure
22.06.2015 14:19:22 INFO  CaptchaDAOImpl:116 - get captcha object from result sp
22.06.2015 14:19:22 INFO  CaptchaDAOImpl:73 - com.mtsmda.myBlog.daoImplSp.CaptchaDAOImpl.getRandomCaptcha() return captcha object Captcha{idCaptcha=2, pathToImage='/resources/images/captcha/asdfskhds15ds.png', valueCaptcha='GY5dfdk43rV'}
22.06.2015 14:19:22 INFO  EmailSendController:130 - get captcha object Captcha{idCaptcha=2, pathToImage='/resources/images/captcha/asdfskhds15ds.png', valueCaptcha='GY5dfdk43rV'}
22.06.2015 14:19:22 INFO  EmailSendController:132 - removed value captcha
22.06.2015 14:38:36 INFO  EmailSendController:50 - input to sendEmail method
22.06.2015 14:38:40 INFO  CaptchaDAOImpl:79 - com.mtsmda.myBlog.daoImplSp.CaptchaDAOImpl.checkCaptcha()
22.06.2015 14:38:42 INFO  CaptchaDAOImpl:89 - call CheckCaptcha stored procedure
22.06.2015 14:40:34 INFO  MenuPagesController:38 - get /contact_us page
22.06.2015 14:40:34 INFO  EmailSendController:128 - get /updateCaptcha ws page
22.06.2015 14:40:34 INFO  CaptchaDAOImpl:62 - com.mtsmda.myBlog.daoImplSp.CaptchaDAOImpl.getRandomCaptcha()
22.06.2015 14:40:34 INFO  CaptchaDAOImpl:66 - call SelectRandomCaptcha stored procedure
22.06.2015 14:40:34 INFO  CaptchaDAOImpl:116 - get captcha object from result sp
22.06.2015 14:40:34 INFO  CaptchaDAOImpl:73 - com.mtsmda.myBlog.daoImplSp.CaptchaDAOImpl.getRandomCaptcha() return captcha object Captcha{idCaptcha=1, pathToImage='/resources/images/captcha/45634bfg4.png', valueCaptcha='Cth0HspF5Bg'}
22.06.2015 14:40:34 INFO  EmailSendController:130 - get captcha object Captcha{idCaptcha=1, pathToImage='/resources/images/captcha/45634bfg4.png', valueCaptcha='Cth0HspF5Bg'}
22.06.2015 14:40:34 INFO  EmailSendController:132 - removed value captcha
22.06.2015 14:40:53 INFO  EmailSendController:50 - input to sendEmail method
22.06.2015 14:40:58 INFO  CaptchaDAOImpl:79 - com.mtsmda.myBlog.daoImplSp.CaptchaDAOImpl.checkCaptcha()
22.06.2015 14:41:39 INFO  CaptchaDAOImpl:89 - call CheckCaptcha stored procedure
22.06.2015 15:10:52 INFO  MenuPagesController:38 - get /contact_us page
22.06.2015 15:10:54 INFO  EmailSendController:133 - get /updateCaptcha ws page
22.06.2015 15:10:54 INFO  CaptchaDAOImpl:62 - com.mtsmda.myBlog.daoImplSp.CaptchaDAOImpl.getRandomCaptcha()
22.06.2015 15:10:54 INFO  CaptchaDAOImpl:66 - call SelectRandomCaptcha stored procedure
22.06.2015 15:10:54 INFO  CaptchaDAOImpl:116 - get captcha object from result sp
22.06.2015 15:10:54 INFO  CaptchaDAOImpl:73 - com.mtsmda.myBlog.daoImplSp.CaptchaDAOImpl.getRandomCaptcha() return captcha object Captcha{idCaptcha=5, pathToImage='/resources/images/captcha/eyte6yeh76iu64.png', valueCaptcha='M95GTGh10Bg'}
22.06.2015 15:10:54 INFO  EmailSendController:135 - get captcha object Captcha{idCaptcha=5, pathToImage='/resources/images/captcha/eyte6yeh76iu64.png', valueCaptcha='M95GTGh10Bg'}
22.06.2015 15:10:54 INFO  EmailSendController:137 - removed value captcha
22.06.2015 15:11:08 INFO  EmailSendController:50 - input to sendEmail method
22.06.2015 15:11:12 INFO  CaptchaDAOImpl:79 - com.mtsmda.myBlog.daoImplSp.CaptchaDAOImpl.checkCaptcha()
22.06.2015 15:11:14 INFO  CaptchaDAOImpl:89 - call CheckCaptcha stored procedure
22.06.2015 15:12:27 INFO  MenuPagesController:38 - get /contact_us page
22.06.2015 15:12:27 INFO  EmailSendController:133 - get /updateCaptcha ws page
22.06.2015 15:12:27 INFO  CaptchaDAOImpl:62 - com.mtsmda.myBlog.daoImplSp.CaptchaDAOImpl.getRandomCaptcha()
22.06.2015 15:12:27 INFO  CaptchaDAOImpl:66 - call SelectRandomCaptcha stored procedure
22.06.2015 15:12:27 INFO  CaptchaDAOImpl:116 - get captcha object from result sp
22.06.2015 15:12:27 INFO  CaptchaDAOImpl:73 - com.mtsmda.myBlog.daoImplSp.CaptchaDAOImpl.getRandomCaptcha() return captcha object Captcha{idCaptcha=1, pathToImage='/resources/images/captcha/45634bfg4.png', valueCaptcha='Cth0HspF5Bg'}
22.06.2015 15:12:27 INFO  EmailSendController:135 - get captcha object Captcha{idCaptcha=1, pathToImage='/resources/images/captcha/45634bfg4.png', valueCaptcha='Cth0HspF5Bg'}
22.06.2015 15:12:27 INFO  EmailSendController:137 - removed value captcha
22.06.2015 15:13:16 INFO  EmailSendController:50 - input to sendEmail method
22.06.2015 15:13:28 INFO  CaptchaDAOImpl:79 - com.mtsmda.myBlog.daoImplSp.CaptchaDAOImpl.checkCaptcha()
22.06.2015 15:14:09 INFO  CaptchaDAOImpl:89 - call CheckCaptcha stored procedure
22.06.2015 15:19:53 INFO  MenuPagesController:38 - get /contact_us page
22.06.2015 15:19:54 INFO  EmailSendController:133 - get /updateCaptcha ws page
22.06.2015 15:19:54 INFO  CaptchaDAOImpl:62 - com.mtsmda.myBlog.daoImplSp.CaptchaDAOImpl.getRandomCaptcha()
22.06.2015 15:19:54 INFO  CaptchaDAOImpl:66 - call SelectRandomCaptcha stored procedure
22.06.2015 15:19:54 INFO  CaptchaDAOImpl:116 - get captcha object from result sp
22.06.2015 15:19:54 INFO  CaptchaDAOImpl:73 - com.mtsmda.myBlog.daoImplSp.CaptchaDAOImpl.getRandomCaptcha() return captcha object Captcha{idCaptcha=1, pathToImage='/resources/images/captcha/45634bfg4.png', valueCaptcha='Cth0HspF5Bg'}
22.06.2015 15:19:54 INFO  EmailSendController:135 - get captcha object Captcha{idCaptcha=1, pathToImage='/resources/images/captcha/45634bfg4.png', valueCaptcha='Cth0HspF5Bg'}
22.06.2015 15:19:54 INFO  EmailSendController:137 - removed value captcha
22.06.2015 16:07:49 INFO  MenuPagesController:38 - get /contact_us page
22.06.2015 16:07:49 INFO  EmailSendController:133 - get /updateCaptcha ws page
22.06.2015 16:07:49 INFO  CaptchaDAOImpl:62 - com.mtsmda.myBlog.daoImplSp.CaptchaDAOImpl.getRandomCaptcha()
22.06.2015 16:07:49 INFO  CaptchaDAOImpl:66 - call SelectRandomCaptcha stored procedure
22.06.2015 16:07:49 INFO  CaptchaDAOImpl:116 - get captcha object from result sp
22.06.2015 16:07:49 INFO  CaptchaDAOImpl:73 - com.mtsmda.myBlog.daoImplSp.CaptchaDAOImpl.getRandomCaptcha() return captcha object Captcha{idCaptcha=2, pathToImage='/resources/images/captcha/asdfskhds15ds.png', valueCaptcha='GY5dfdk43rV'}
22.06.2015 16:07:49 INFO  EmailSendController:135 - get captcha object Captcha{idCaptcha=2, pathToImage='/resources/images/captcha/asdfskhds15ds.png', valueCaptcha='GY5dfdk43rV'}
22.06.2015 16:07:49 INFO  EmailSendController:137 - removed value captcha
22.06.2015 16:08:11 INFO  EmailSendController:133 - get /updateCaptcha ws page
22.06.2015 16:08:11 INFO  CaptchaDAOImpl:62 - com.mtsmda.myBlog.daoImplSp.CaptchaDAOImpl.getRandomCaptcha()
22.06.2015 16:08:11 INFO  CaptchaDAOImpl:66 - call SelectRandomCaptcha stored procedure
22.06.2015 16:08:11 INFO  CaptchaDAOImpl:116 - get captcha object from result sp
22.06.2015 16:08:11 INFO  CaptchaDAOImpl:73 - com.mtsmda.myBlog.daoImplSp.CaptchaDAOImpl.getRandomCaptcha() return captcha object Captcha{idCaptcha=1, pathToImage='/resources/images/captcha/45634bfg4.png', valueCaptcha='Cth0HspF5Bg'}
22.06.2015 16:08:11 INFO  EmailSendController:135 - get captcha object Captcha{idCaptcha=1, pathToImage='/resources/images/captcha/45634bfg4.png', valueCaptcha='Cth0HspF5Bg'}
22.06.2015 16:08:11 INFO  EmailSendController:137 - removed value captcha
22.06.2015 16:08:16 INFO  EmailSendController:50 - input to sendEmail method
22.06.2015 16:08:20 INFO  CaptchaDAOImpl:79 - com.mtsmda.myBlog.daoImplSp.CaptchaDAOImpl.checkCaptcha()
22.06.2015 16:08:41 INFO  CaptchaDAOImpl:89 - call CheckCaptcha stored procedure
22.06.2015 16:10:41 INFO  MenuPagesController:38 - get /contact_us page
22.06.2015 16:10:41 INFO  EmailSendController:133 - get /updateCaptcha ws page
22.06.2015 16:10:41 INFO  CaptchaDAOImpl:62 - com.mtsmda.myBlog.daoImplSp.CaptchaDAOImpl.getRandomCaptcha()
22.06.2015 16:10:41 INFO  CaptchaDAOImpl:66 - call SelectRandomCaptcha stored procedure
22.06.2015 16:10:41 INFO  CaptchaDAOImpl:116 - get captcha object from result sp
22.06.2015 16:10:41 INFO  CaptchaDAOImpl:73 - com.mtsmda.myBlog.daoImplSp.CaptchaDAOImpl.getRandomCaptcha() return captcha object Captcha{idCaptcha=3, pathToImage='/resources/images/captcha/dfgre45fg.png', valueCaptcha='5Yydfdk43Vr'}
22.06.2015 16:10:41 INFO  EmailSendController:135 - get captcha object Captcha{idCaptcha=3, pathToImage='/resources/images/captcha/dfgre45fg.png', valueCaptcha='5Yydfdk43Vr'}
22.06.2015 16:10:41 INFO  EmailSendController:137 - removed value captcha
22.06.2015 16:10:53 INFO  EmailSendController:50 - input to sendEmail method
22.06.2015 16:10:56 INFO  CaptchaDAOImpl:79 - com.mtsmda.myBlog.daoImplSp.CaptchaDAOImpl.checkCaptcha()
22.06.2015 16:10:58 INFO  CaptchaDAOImpl:89 - call CheckCaptcha stored procedure
22.06.2015 16:10:59 INFO  CaptchaDAOImpl:116 - get captcha object from result sp
22.06.2015 16:11:58 INFO  CaptchaDAOImpl:97 - captcha is equal
22.06.2015 16:11:59 INFO  EmailSendController:106 - create message - Name - imyaMoeEmail is - 456456@mail.ruPhone number is - 125953Message subject is - simpleThemeMessage  - 5????67?Message  - 22.06.2015 16:10:51.762
22.06.2015 16:12:02 INFO  EmailSendController:118 - send email successful
22.06.2015 16:12:02 INFO  EmailSendController:124 - insert mail in database
22.06.2015 16:12:02 INFO  EmailSendController:126 - Message successfully send
23.06.2015 11:58:55 INFO  EmailSendController:133 - get /updateCaptcha ws page
23.06.2015 11:58:55 INFO  CaptchaDAOImpl:62 - com.mtsmda.myBlog.daoImplSp.CaptchaDAOImpl.getRandomCaptcha()
23.06.2015 11:58:55 INFO  CaptchaDAOImpl:66 - call SelectRandomCaptcha stored procedure
23.06.2015 11:58:55 INFO  CaptchaDAOImpl:116 - get captcha object from result sp
23.06.2015 11:58:55 INFO  CaptchaDAOImpl:73 - com.mtsmda.myBlog.daoImplSp.CaptchaDAOImpl.getRandomCaptcha() return captcha object Captcha{idCaptcha=3, pathToImage='/resources/images/captcha/dfgre45fg.png', valueCaptcha='5Yydfdk43Vr'}
23.06.2015 11:58:55 INFO  EmailSendController:135 - get captcha object Captcha{idCaptcha=3, pathToImage='/resources/images/captcha/dfgre45fg.png', valueCaptcha='5Yydfdk43Vr'}
23.06.2015 11:58:55 INFO  EmailSendController:137 - removed value captcha
23.06.2015 12:24:09 INFO  MenuPagesController:38 - get /contact_us page
23.06.2015 12:24:10 INFO  EmailSendController:133 - get /updateCaptcha ws page
23.06.2015 12:24:10 INFO  CaptchaDAOImpl:62 - com.mtsmda.myBlog.daoImplSp.CaptchaDAOImpl.getRandomCaptcha()
23.06.2015 12:24:10 INFO  CaptchaDAOImpl:66 - call SelectRandomCaptcha stored procedure
23.06.2015 12:24:11 INFO  CaptchaDAOImpl:116 - get captcha object from result sp
23.06.2015 12:24:11 INFO  CaptchaDAOImpl:73 - com.mtsmda.myBlog.daoImplSp.CaptchaDAOImpl.getRandomCaptcha() return captcha object Captcha{idCaptcha=2, pathToImage='/resources/images/captcha/asdfskhds15ds.png', valueCaptcha='GY5dfdk43rV'}
23.06.2015 12:24:11 INFO  EmailSendController:135 - get captcha object Captcha{idCaptcha=2, pathToImage='/resources/images/captcha/asdfskhds15ds.png', valueCaptcha='GY5dfdk43rV'}
23.06.2015 12:24:11 INFO  EmailSendController:137 - removed value captcha
23.06.2015 12:43:14 INFO  EmailSendController:133 - get /updateCaptcha ws page
23.06.2015 12:43:14 INFO  CaptchaDAOImpl:62 - com.mtsmda.myBlog.daoImplSp.CaptchaDAOImpl.getRandomCaptcha()
23.06.2015 12:43:14 INFO  CaptchaDAOImpl:66 - call SelectRandomCaptcha stored procedure
23.06.2015 12:43:14 INFO  CaptchaDAOImpl:116 - get captcha object from result sp
23.06.2015 12:43:14 INFO  CaptchaDAOImpl:73 - com.mtsmda.myBlog.daoImplSp.CaptchaDAOImpl.getRandomCaptcha() return captcha object Captcha{idCaptcha=5, pathToImage='/resources/images/captcha/eyte6yeh76iu64.png', valueCaptcha='M95GTGh10Bg'}
23.06.2015 12:43:14 INFO  EmailSendController:135 - get captcha object Captcha{idCaptcha=5, pathToImage='/resources/images/captcha/eyte6yeh76iu64.png', valueCaptcha='M95GTGh10Bg'}
23.06.2015 12:43:14 INFO  EmailSendController:137 - removed value captcha
23.06.2015 12:43:15 INFO  EmailSendController:133 - get /updateCaptcha ws page
23.06.2015 12:43:15 INFO  CaptchaDAOImpl:62 - com.mtsmda.myBlog.daoImplSp.CaptchaDAOImpl.getRandomCaptcha()
23.06.2015 12:43:15 INFO  CaptchaDAOImpl:66 - call SelectRandomCaptcha stored procedure
23.06.2015 12:43:15 INFO  CaptchaDAOImpl:116 - get captcha object from result sp
23.06.2015 12:43:15 INFO  CaptchaDAOImpl:73 - com.mtsmda.myBlog.daoImplSp.CaptchaDAOImpl.getRandomCaptcha() return captcha object Captcha{idCaptcha=3, pathToImage='/resources/images/captcha/dfgre45fg.png', valueCaptcha='5Yydfdk43Vr'}
23.06.2015 12:43:15 INFO  EmailSendController:135 - get captcha object Captcha{idCaptcha=3, pathToImage='/resources/images/captcha/dfgre45fg.png', valueCaptcha='5Yydfdk43Vr'}
23.06.2015 12:43:15 INFO  EmailSendController:137 - removed value captcha
23.06.2015 12:50:14 INFO  EmailSendController:133 - get /updateCaptcha ws page
23.06.2015 12:50:14 INFO  CaptchaDAOImpl:62 - com.mtsmda.myBlog.daoImplSp.CaptchaDAOImpl.getRandomCaptcha()
23.06.2015 12:50:14 INFO  CaptchaDAOImpl:66 - call SelectRandomCaptcha stored procedure
23.06.2015 12:50:14 INFO  CaptchaDAOImpl:116 - get captcha object from result sp
23.06.2015 12:50:14 INFO  CaptchaDAOImpl:73 - com.mtsmda.myBlog.daoImplSp.CaptchaDAOImpl.getRandomCaptcha() return captcha object Captcha{idCaptcha=1, pathToImage='/resources/images/captcha/45634bfg4.png', valueCaptcha='Cth0HspF5Bg'}
23.06.2015 12:50:14 INFO  EmailSendController:135 - get captcha object Captcha{idCaptcha=1, pathToImage='/resources/images/captcha/45634bfg4.png', valueCaptcha='Cth0HspF5Bg'}
23.06.2015 12:50:14 INFO  EmailSendController:137 - removed value captcha
23.06.2015 12:52:11 INFO  MenuPagesController:38 - get /contact_us page
23.06.2015 12:52:19 INFO  EmailSendController:133 - get /updateCaptcha ws page
23.06.2015 12:52:19 INFO  CaptchaDAOImpl:62 - com.mtsmda.myBlog.daoImplSp.CaptchaDAOImpl.getRandomCaptcha()
23.06.2015 12:52:19 INFO  CaptchaDAOImpl:66 - call SelectRandomCaptcha stored procedure
23.06.2015 12:52:19 INFO  CaptchaDAOImpl:116 - get captcha object from result sp
23.06.2015 12:52:19 INFO  CaptchaDAOImpl:73 - com.mtsmda.myBlog.daoImplSp.CaptchaDAOImpl.getRandomCaptcha() return captcha object Captcha{idCaptcha=3, pathToImage='/resources/images/captcha/dfgre45fg.png', valueCaptcha='5Yydfdk43Vr'}
23.06.2015 12:52:19 INFO  EmailSendController:135 - get captcha object Captcha{idCaptcha=3, pathToImage='/resources/images/captcha/dfgre45fg.png', valueCaptcha='5Yydfdk43Vr'}
23.06.2015 12:52:19 INFO  EmailSendController:137 - removed value captcha
23.06.2015 12:59:56 INFO  MenuPagesController:38 - get /contact_us page
23.06.2015 13:00:02 INFO  EmailSendController:133 - get /updateCaptcha ws page
23.06.2015 13:00:02 INFO  CaptchaDAOImpl:62 - com.mtsmda.myBlog.daoImplSp.CaptchaDAOImpl.getRandomCaptcha()
23.06.2015 13:00:02 INFO  CaptchaDAOImpl:66 - call SelectRandomCaptcha stored procedure
23.06.2015 13:00:02 INFO  CaptchaDAOImpl:116 - get captcha object from result sp
23.06.2015 13:00:02 INFO  CaptchaDAOImpl:73 - com.mtsmda.myBlog.daoImplSp.CaptchaDAOImpl.getRandomCaptcha() return captcha object Captcha{idCaptcha=1, pathToImage='/resources/images/captcha/45634bfg4.png', valueCaptcha='Cth0HspF5Bg'}
23.06.2015 13:00:02 INFO  EmailSendController:135 - get captcha object Captcha{idCaptcha=1, pathToImage='/resources/images/captcha/45634bfg4.png', valueCaptcha='Cth0HspF5Bg'}
23.06.2015 13:00:02 INFO  EmailSendController:137 - removed value captcha
23.06.2015 13:08:27 INFO  MenuPagesController:38 - get /contact_us page
23.06.2015 13:08:31 INFO  EmailSendController:137 - get /updateCaptcha ws page
23.06.2015 13:08:31 INFO  CaptchaDAOImpl:79 - com.mtsmda.myBlog.daoImplSp.CaptchaDAOImpl.getRandomCaptcha()
23.06.2015 13:08:31 INFO  CaptchaDAOImpl:83 - call SelectRandomCaptcha stored procedure
23.06.2015 13:08:31 INFO  CaptchaDAOImpl:133 - get captcha object from result sp
23.06.2015 13:08:31 INFO  CaptchaDAOImpl:90 - com.mtsmda.myBlog.daoImplSp.CaptchaDAOImpl.getRandomCaptcha() return captcha object Captcha{idCaptcha=3, pathToImage='/resources/images/captcha/dfgre45fg.png', valueCaptcha='5Yydfdk43Vr'}
23.06.2015 13:08:31 INFO  EmailSendController:139 - get captcha object Captcha{idCaptcha=3, pathToImage='/resources/images/captcha/dfgre45fg.png', valueCaptcha='5Yydfdk43Vr'}
23.06.2015 13:08:31 INFO  EmailSendController:141 - removed value captcha
23.06.2015 13:08:58 INFO  EmailSendController:50 - input to sendEmail method
23.06.2015 13:10:04 INFO  MenuPagesController:38 - get /contact_us page
23.06.2015 13:10:09 INFO  EmailSendController:137 - get /updateCaptcha ws page
23.06.2015 13:10:09 INFO  CaptchaDAOImpl:79 - com.mtsmda.myBlog.daoImplSp.CaptchaDAOImpl.getRandomCaptcha()
23.06.2015 13:10:09 INFO  CaptchaDAOImpl:83 - call SelectRandomCaptcha stored procedure
23.06.2015 13:10:09 INFO  CaptchaDAOImpl:133 - get captcha object from result sp
23.06.2015 13:10:09 INFO  CaptchaDAOImpl:90 - com.mtsmda.myBlog.daoImplSp.CaptchaDAOImpl.getRandomCaptcha() return captcha object Captcha{idCaptcha=3, pathToImage='/resources/images/captcha/dfgre45fg.png', valueCaptcha='5Yydfdk43Vr'}
23.06.2015 13:10:09 INFO  EmailSendController:139 - get captcha object Captcha{idCaptcha=3, pathToImage='/resources/images/captcha/dfgre45fg.png', valueCaptcha='5Yydfdk43Vr'}
23.06.2015 13:10:09 INFO  EmailSendController:141 - removed value captcha
23.06.2015 13:12:00 INFO  MenuPagesController:38 - get /contact_us page
23.06.2015 13:12:02 INFO  EmailSendController:137 - get /updateCaptcha ws page
23.06.2015 13:12:02 INFO  CaptchaDAOImpl:79 - com.mtsmda.myBlog.daoImplSp.CaptchaDAOImpl.getRandomCaptcha()
23.06.2015 13:12:02 INFO  CaptchaDAOImpl:83 - call SelectRandomCaptcha stored procedure
23.06.2015 13:12:02 INFO  CaptchaDAOImpl:133 - get captcha object from result sp
23.06.2015 13:12:02 INFO  CaptchaDAOImpl:90 - com.mtsmda.myBlog.daoImplSp.CaptchaDAOImpl.getRandomCaptcha() return captcha object Captcha{idCaptcha=2, pathToImage='/resources/images/captcha/asdfskhds15ds.png', valueCaptcha='GY5dfdk43rV'}
23.06.2015 13:12:02 INFO  EmailSendController:139 - get captcha object Captcha{idCaptcha=2, pathToImage='/resources/images/captcha/asdfskhds15ds.png', valueCaptcha='GY5dfdk43rV'}
23.06.2015 13:12:02 INFO  EmailSendController:141 - removed value captcha
23.06.2015 13:12:50 INFO  EmailSendController:50 - input to sendEmail method
23.06.2015 13:12:53 INFO  EmailSendController:110 - create message - Name - imyaMoeEmail is - 456456@mail.ruPhone number is - 125953Message subject is - simpleThemeMessage  - 76ujfryhdfMessage  - 23.06.2015 13:12:30.782
23.06.2015 13:12:57 INFO  EmailSendController:122 - send email successful
23.06.2015 13:12:57 INFO  EmailSendController:128 - insert mail in database
23.06.2015 13:12:57 INFO  EmailSendController:130 - Message successfully send
23.06.2015 13:12:57 INFO  MenuPagesController:38 - get /contact_us page
23.06.2015 13:12:58 INFO  EmailSendController:137 - get /updateCaptcha ws page
23.06.2015 13:12:58 INFO  CaptchaDAOImpl:79 - com.mtsmda.myBlog.daoImplSp.CaptchaDAOImpl.getRandomCaptcha()
23.06.2015 13:12:58 INFO  CaptchaDAOImpl:83 - call SelectRandomCaptcha stored procedure
23.06.2015 13:12:58 INFO  CaptchaDAOImpl:133 - get captcha object from result sp
23.06.2015 13:12:58 INFO  CaptchaDAOImpl:90 - com.mtsmda.myBlog.daoImplSp.CaptchaDAOImpl.getRandomCaptcha() return captcha object Captcha{idCaptcha=1, pathToImage='/resources/images/captcha/45634bfg4.png', valueCaptcha='Cth0HspF5Bg'}
23.06.2015 13:12:58 INFO  EmailSendController:139 - get captcha object Captcha{idCaptcha=1, pathToImage='/resources/images/captcha/45634bfg4.png', valueCaptcha='Cth0HspF5Bg'}
23.06.2015 13:12:58 INFO  EmailSendController:141 - removed value captcha
23.06.2015 13:13:04 INFO  MenuPagesController:38 - get /contact_us page
23.06.2015 13:13:05 INFO  EmailSendController:137 - get /updateCaptcha ws page
23.06.2015 13:13:05 INFO  CaptchaDAOImpl:79 - com.mtsmda.myBlog.daoImplSp.CaptchaDAOImpl.getRandomCaptcha()
23.06.2015 13:13:05 INFO  CaptchaDAOImpl:83 - call SelectRandomCaptcha stored procedure
23.06.2015 13:13:05 INFO  CaptchaDAOImpl:133 - get captcha object from result sp
23.06.2015 13:13:05 INFO  CaptchaDAOImpl:90 - com.mtsmda.myBlog.daoImplSp.CaptchaDAOImpl.getRandomCaptcha() return captcha object Captcha{idCaptcha=3, pathToImage='/resources/images/captcha/dfgre45fg.png', valueCaptcha='5Yydfdk43Vr'}
23.06.2015 13:13:05 INFO  EmailSendController:139 - get captcha object Captcha{idCaptcha=3, pathToImage='/resources/images/captcha/dfgre45fg.png', valueCaptcha='5Yydfdk43Vr'}
23.06.2015 13:13:05 INFO  EmailSendController:141 - removed value captcha
23.06.2015 13:18:31 INFO  MenuPagesController:38 - get /contact_us page
23.06.2015 13:18:32 INFO  EmailSendController:137 - get /updateCaptcha ws page
23.06.2015 13:18:32 INFO  CaptchaDAOImpl:79 - com.mtsmda.myBlog.daoImplSp.CaptchaDAOImpl.getRandomCaptcha()
23.06.2015 13:18:32 INFO  CaptchaDAOImpl:83 - call SelectRandomCaptcha stored procedure
23.06.2015 13:18:33 INFO  CaptchaDAOImpl:133 - get captcha object from result sp
23.06.2015 13:18:33 INFO  CaptchaDAOImpl:90 - com.mtsmda.myBlog.daoImplSp.CaptchaDAOImpl.getRandomCaptcha() return captcha object Captcha{idCaptcha=2, pathToImage='/resources/images/captcha/asdfskhds15ds.png', valueCaptcha='GY5dfdk43rV'}
23.06.2015 13:18:33 INFO  EmailSendController:139 - get captcha object Captcha{idCaptcha=2, pathToImage='/resources/images/captcha/asdfskhds15ds.png', valueCaptcha='GY5dfdk43rV'}
23.06.2015 13:18:33 INFO  EmailSendController:141 - removed value captcha
23.06.2015 13:19:08 INFO  EmailSendController:50 - input to sendEmail method
23.06.2015 13:19:15 INFO  CaptchaDAOImpl:52 - com.mtsmda.myBlog.daoImplSp.CaptchaDAOImpl.getCaptcha(Integer captchaId)
23.06.2015 13:19:15 INFO  CaptchaDAOImpl:62 - call SelectCaptcha stored procedure
23.06.2015 13:19:15 INFO  CaptchaDAOImpl:133 - get captcha object from result sp
23.06.2015 13:19:33 INFO  EmailSendController:137 - get /updateCaptcha ws page
23.06.2015 13:19:33 INFO  CaptchaDAOImpl:79 - com.mtsmda.myBlog.daoImplSp.CaptchaDAOImpl.getRandomCaptcha()
23.06.2015 13:19:33 INFO  CaptchaDAOImpl:83 - call SelectRandomCaptcha stored procedure
23.06.2015 13:19:34 INFO  CaptchaDAOImpl:133 - get captcha object from result sp
23.06.2015 13:19:34 INFO  CaptchaDAOImpl:90 - com.mtsmda.myBlog.daoImplSp.CaptchaDAOImpl.getRandomCaptcha() return captcha object Captcha{idCaptcha=3, pathToImage='/resources/images/captcha/dfgre45fg.png', valueCaptcha='5Yydfdk43Vr'}
23.06.2015 13:19:34 INFO  EmailSendController:139 - get captcha object Captcha{idCaptcha=3, pathToImage='/resources/images/captcha/dfgre45fg.png', valueCaptcha='5Yydfdk43Vr'}
23.06.2015 13:19:34 INFO  EmailSendController:141 - removed value captcha
23.06.2015 13:19:50 INFO  MenuPagesController:38 - get /contact_us page
23.06.2015 13:19:51 INFO  EmailSendController:137 - get /updateCaptcha ws page
23.06.2015 13:19:51 INFO  CaptchaDAOImpl:79 - com.mtsmda.myBlog.daoImplSp.CaptchaDAOImpl.getRandomCaptcha()
23.06.2015 13:19:51 INFO  CaptchaDAOImpl:83 - call SelectRandomCaptcha stored procedure
23.06.2015 13:19:51 INFO  CaptchaDAOImpl:133 - get captcha object from result sp
23.06.2015 13:19:51 INFO  CaptchaDAOImpl:90 - com.mtsmda.myBlog.daoImplSp.CaptchaDAOImpl.getRandomCaptcha() return captcha object Captcha{idCaptcha=2, pathToImage='/resources/images/captcha/asdfskhds15ds.png', valueCaptcha='GY5dfdk43rV'}
23.06.2015 13:19:51 INFO  EmailSendController:139 - get captcha object Captcha{idCaptcha=2, pathToImage='/resources/images/captcha/asdfskhds15ds.png', valueCaptcha='GY5dfdk43rV'}
23.06.2015 13:19:51 INFO  EmailSendController:141 - removed value captcha
23.06.2015 13:20:14 INFO  EmailSendController:50 - input to sendEmail method
23.06.2015 13:20:18 INFO  CaptchaDAOImpl:52 - com.mtsmda.myBlog.daoImplSp.CaptchaDAOImpl.getCaptcha(Integer captchaId)
23.06.2015 13:20:18 INFO  CaptchaDAOImpl:62 - call SelectCaptcha stored procedure
23.06.2015 13:20:18 INFO  CaptchaDAOImpl:133 - get captcha object from result sp
23.06.2015 13:20:52 INFO  EmailSendController:137 - get /updateCaptcha ws page
23.06.2015 13:20:52 INFO  CaptchaDAOImpl:79 - com.mtsmda.myBlog.daoImplSp.CaptchaDAOImpl.getRandomCaptcha()
23.06.2015 13:20:52 INFO  CaptchaDAOImpl:83 - call SelectRandomCaptcha stored procedure
23.06.2015 13:20:52 INFO  CaptchaDAOImpl:133 - get captcha object from result sp
23.06.2015 13:20:52 INFO  CaptchaDAOImpl:90 - com.mtsmda.myBlog.daoImplSp.CaptchaDAOImpl.getRandomCaptcha() return captcha object Captcha{idCaptcha=1, pathToImage='/resources/images/captcha/45634bfg4.png', valueCaptcha='Cth0HspF5Bg'}
23.06.2015 13:20:52 INFO  EmailSendController:139 - get captcha object Captcha{idCaptcha=1, pathToImage='/resources/images/captcha/45634bfg4.png', valueCaptcha='Cth0HspF5Bg'}
23.06.2015 13:20:52 INFO  EmailSendController:141 - removed value captcha
23.06.2015 13:20:55 INFO  MenuPagesController:38 - get /contact_us page
23.06.2015 13:20:55 INFO  EmailSendController:137 - get /updateCaptcha ws page
23.06.2015 13:20:55 INFO  CaptchaDAOImpl:79 - com.mtsmda.myBlog.daoImplSp.CaptchaDAOImpl.getRandomCaptcha()
23.06.2015 13:20:55 INFO  CaptchaDAOImpl:83 - call SelectRandomCaptcha stored procedure
23.06.2015 13:20:55 INFO  CaptchaDAOImpl:133 - get captcha object from result sp
23.06.2015 13:20:55 INFO  CaptchaDAOImpl:90 - com.mtsmda.myBlog.daoImplSp.CaptchaDAOImpl.getRandomCaptcha() return captcha object Captcha{idCaptcha=1, pathToImage='/resources/images/captcha/45634bfg4.png', valueCaptcha='Cth0HspF5Bg'}
23.06.2015 13:20:55 INFO  EmailSendController:139 - get captcha object Captcha{idCaptcha=1, pathToImage='/resources/images/captcha/45634bfg4.png', valueCaptcha='Cth0HspF5Bg'}
23.06.2015 13:20:55 INFO  EmailSendController:141 - removed value captcha
23.06.2015 13:21:27 INFO  EmailSendController:50 - input to sendEmail method
23.06.2015 13:21:29 INFO  CaptchaDAOImpl:52 - com.mtsmda.myBlog.daoImplSp.CaptchaDAOImpl.getCaptcha(Integer captchaId)
23.06.2015 13:21:29 INFO  CaptchaDAOImpl:62 - call SelectCaptcha stored procedure
23.06.2015 13:21:29 INFO  CaptchaDAOImpl:133 - get captcha object from result sp
23.06.2015 13:21:39 INFO  EmailSendController:110 - create message - Name - imyaMoeEmail is - 456456@mail.ruPhone number is - 125953Message subject is - simpleThemeMessage  - 65ryfhgMessage  - 23.06.2015 13:21:25.441
23.06.2015 13:21:42 INFO  EmailSendController:122 - send email successful
23.06.2015 13:21:42 INFO  EmailSendController:128 - insert mail in database
23.06.2015 13:21:42 INFO  EmailSendController:130 - Message successfully send
23.06.2015 13:42:54 INFO  EmailSendController:137 - get /updateCaptcha ws page
23.06.2015 13:42:54 INFO  CaptchaDAOImpl:79 - com.mtsmda.myBlog.daoImplSp.CaptchaDAOImpl.getRandomCaptcha()
23.06.2015 13:42:54 INFO  CaptchaDAOImpl:83 - call SelectRandomCaptcha stored procedure
23.06.2015 13:42:54 INFO  CaptchaDAOImpl:133 - get captcha object from result sp
23.06.2015 13:42:54 INFO  CaptchaDAOImpl:90 - com.mtsmda.myBlog.daoImplSp.CaptchaDAOImpl.getRandomCaptcha() return captcha object Captcha{idCaptcha=3, pathToImage='/resources/images/captcha/dfgre45fg.png', valueCaptcha='5Yydfdk43Vr'}
23.06.2015 13:42:54 INFO  EmailSendController:139 - get captcha object Captcha{idCaptcha=3, pathToImage='/resources/images/captcha/dfgre45fg.png', valueCaptcha='5Yydfdk43Vr'}
23.06.2015 13:42:54 INFO  EmailSendController:141 - removed value captcha
23.06.2015 13:47:51 INFO  MenuPagesController:38 - get /contact_us page
23.06.2015 13:47:53 INFO  EmailSendController:137 - get /updateCaptcha ws page
23.06.2015 13:47:53 INFO  CaptchaDAOImpl:79 - com.mtsmda.myBlog.daoImplSp.CaptchaDAOImpl.getRandomCaptcha()
23.06.2015 13:47:53 INFO  CaptchaDAOImpl:83 - call SelectRandomCaptcha stored procedure
23.06.2015 13:47:53 INFO  CaptchaDAOImpl:133 - get captcha object from result sp
23.06.2015 13:47:53 INFO  CaptchaDAOImpl:90 - com.mtsmda.myBlog.daoImplSp.CaptchaDAOImpl.getRandomCaptcha() return captcha object Captcha{idCaptcha=1, pathToImage='/resources/images/captcha/45634bfg4.png', valueCaptcha='Cth0HspF5Bg'}
23.06.2015 13:47:53 INFO  EmailSendController:139 - get captcha object Captcha{idCaptcha=1, pathToImage='/resources/images/captcha/45634bfg4.png', valueCaptcha='Cth0HspF5Bg'}
23.06.2015 13:47:53 INFO  EmailSendController:141 - removed value captcha
23.06.2015 13:48:20 INFO  EmailSendController:50 - input to sendEmail method
23.06.2015 13:48:23 INFO  CaptchaDAOImpl:52 - com.mtsmda.myBlog.daoImplSp.CaptchaDAOImpl.getCaptcha(Integer captchaId)
23.06.2015 13:48:23 INFO  CaptchaDAOImpl:62 - call SelectCaptcha stored procedure
23.06.2015 13:48:24 INFO  CaptchaDAOImpl:133 - get captcha object from result sp
23.06.2015 13:48:33 INFO  EmailSendController:137 - get /updateCaptcha ws page
23.06.2015 13:48:33 INFO  CaptchaDAOImpl:79 - com.mtsmda.myBlog.daoImplSp.CaptchaDAOImpl.getRandomCaptcha()
23.06.2015 13:48:33 INFO  CaptchaDAOImpl:83 - call SelectRandomCaptcha stored procedure
23.06.2015 13:48:33 INFO  CaptchaDAOImpl:133 - get captcha object from result sp
23.06.2015 13:48:33 INFO  CaptchaDAOImpl:90 - com.mtsmda.myBlog.daoImplSp.CaptchaDAOImpl.getRandomCaptcha() return captcha object Captcha{idCaptcha=3, pathToImage='/resources/images/captcha/dfgre45fg.png', valueCaptcha='5Yydfdk43Vr'}
23.06.2015 13:48:33 INFO  EmailSendController:139 - get captcha object Captcha{idCaptcha=3, pathToImage='/resources/images/captcha/dfgre45fg.png', valueCaptcha='5Yydfdk43Vr'}
23.06.2015 13:48:33 INFO  EmailSendController:141 - removed value captcha
23.06.2015 13:48:50 INFO  EmailSendController:50 - input to sendEmail method
23.06.2015 13:48:54 INFO  CaptchaDAOImpl:52 - com.mtsmda.myBlog.daoImplSp.CaptchaDAOImpl.getCaptcha(Integer captchaId)
23.06.2015 13:48:54 INFO  CaptchaDAOImpl:62 - call SelectCaptcha stored procedure
23.06.2015 13:48:54 INFO  CaptchaDAOImpl:133 - get captcha object from result sp
23.06.2015 13:49:32 INFO  EmailSendController:137 - get /updateCaptcha ws page
23.06.2015 13:49:32 INFO  CaptchaDAOImpl:79 - com.mtsmda.myBlog.daoImplSp.CaptchaDAOImpl.getRandomCaptcha()
23.06.2015 13:49:32 INFO  CaptchaDAOImpl:83 - call SelectRandomCaptcha stored procedure
23.06.2015 13:49:32 INFO  CaptchaDAOImpl:133 - get captcha object from result sp
23.06.2015 13:49:32 INFO  CaptchaDAOImpl:90 - com.mtsmda.myBlog.daoImplSp.CaptchaDAOImpl.getRandomCaptcha() return captcha object Captcha{idCaptcha=1, pathToImage='/resources/images/captcha/45634bfg4.png', valueCaptcha='Cth0HspF5Bg'}
23.06.2015 13:49:32 INFO  EmailSendController:139 - get captcha object Captcha{idCaptcha=1, pathToImage='/resources/images/captcha/45634bfg4.png', valueCaptcha='Cth0HspF5Bg'}
23.06.2015 13:49:32 INFO  EmailSendController:141 - removed value captcha
23.06.2015 13:49:52 INFO  EmailSendController:137 - get /updateCaptcha ws page
23.06.2015 13:49:52 INFO  CaptchaDAOImpl:79 - com.mtsmda.myBlog.daoImplSp.CaptchaDAOImpl.getRandomCaptcha()
23.06.2015 13:49:52 INFO  CaptchaDAOImpl:83 - call SelectRandomCaptcha stored procedure
23.06.2015 13:49:52 INFO  CaptchaDAOImpl:133 - get captcha object from result sp
23.06.2015 13:49:52 INFO  CaptchaDAOImpl:90 - com.mtsmda.myBlog.daoImplSp.CaptchaDAOImpl.getRandomCaptcha() return captcha object Captcha{idCaptcha=2, pathToImage='/resources/images/captcha/asdfskhds15ds.png', valueCaptcha='GY5dfdk43rV'}
23.06.2015 13:49:52 INFO  EmailSendController:139 - get captcha object Captcha{idCaptcha=2, pathToImage='/resources/images/captcha/asdfskhds15ds.png', valueCaptcha='GY5dfdk43rV'}
23.06.2015 13:49:52 INFO  EmailSendController:141 - removed value captcha
23.06.2015 13:49:54 INFO  EmailSendController:137 - get /updateCaptcha ws page
23.06.2015 13:49:54 INFO  CaptchaDAOImpl:79 - com.mtsmda.myBlog.daoImplSp.CaptchaDAOImpl.getRandomCaptcha()
23.06.2015 13:49:54 INFO  CaptchaDAOImpl:83 - call SelectRandomCaptcha stored procedure
23.06.2015 13:49:54 INFO  CaptchaDAOImpl:133 - get captcha object from result sp
23.06.2015 13:49:54 INFO  CaptchaDAOImpl:90 - com.mtsmda.myBlog.daoImplSp.CaptchaDAOImpl.getRandomCaptcha() return captcha object Captcha{idCaptcha=3, pathToImage='/resources/images/captcha/dfgre45fg.png', valueCaptcha='5Yydfdk43vr'}
23.06.2015 13:49:54 INFO  EmailSendController:139 - get captcha object Captcha{idCaptcha=3, pathToImage='/resources/images/captcha/dfgre45fg.png', valueCaptcha='5Yydfdk43vr'}
23.06.2015 13:49:54 INFO  EmailSendController:141 - removed value captcha
23.06.2015 13:50:04 INFO  EmailSendController:50 - input to sendEmail method
23.06.2015 13:50:07 INFO  CaptchaDAOImpl:52 - com.mtsmda.myBlog.daoImplSp.CaptchaDAOImpl.getCaptcha(Integer captchaId)
23.06.2015 13:50:07 INFO  CaptchaDAOImpl:62 - call SelectCaptcha stored procedure
23.06.2015 13:50:07 INFO  CaptchaDAOImpl:133 - get captcha object from result sp
23.06.2015 13:51:11 INFO  MenuPagesController:38 - get /contact_us page
23.06.2015 13:51:12 INFO  EmailSendController:137 - get /updateCaptcha ws page
23.06.2015 13:51:12 INFO  CaptchaDAOImpl:79 - com.mtsmda.myBlog.daoImplSp.CaptchaDAOImpl.getRandomCaptcha()
23.06.2015 13:51:12 INFO  CaptchaDAOImpl:83 - call SelectRandomCaptcha stored procedure
23.06.2015 13:51:12 INFO  CaptchaDAOImpl:133 - get captcha object from result sp
23.06.2015 13:51:12 INFO  CaptchaDAOImpl:90 - com.mtsmda.myBlog.daoImplSp.CaptchaDAOImpl.getRandomCaptcha() return captcha object Captcha{idCaptcha=3, pathToImage='/resources/images/captcha/dfgre45fg.png', valueCaptcha='5Yydfdk43vr'}
23.06.2015 13:51:12 INFO  EmailSendController:139 - get captcha object Captcha{idCaptcha=3, pathToImage='/resources/images/captcha/dfgre45fg.png', valueCaptcha='5Yydfdk43vr'}
23.06.2015 13:51:12 INFO  EmailSendController:141 - removed value captcha
23.06.2015 13:51:35 INFO  EmailSendController:50 - input to sendEmail method
23.06.2015 13:51:38 INFO  CaptchaDAOImpl:52 - com.mtsmda.myBlog.daoImplSp.CaptchaDAOImpl.getCaptcha(Integer captchaId)
23.06.2015 13:51:38 INFO  CaptchaDAOImpl:62 - call SelectCaptcha stored procedure
23.06.2015 13:51:38 INFO  CaptchaDAOImpl:133 - get captcha object from result sp
23.06.2015 13:51:41 INFO  EmailSendController:137 - get /updateCaptcha ws page
23.06.2015 13:51:41 INFO  CaptchaDAOImpl:79 - com.mtsmda.myBlog.daoImplSp.CaptchaDAOImpl.getRandomCaptcha()
23.06.2015 13:51:41 INFO  CaptchaDAOImpl:83 - call SelectRandomCaptcha stored procedure
23.06.2015 13:51:41 INFO  CaptchaDAOImpl:133 - get captcha object from result sp
23.06.2015 13:51:41 INFO  CaptchaDAOImpl:90 - com.mtsmda.myBlog.daoImplSp.CaptchaDAOImpl.getRandomCaptcha() return captcha object Captcha{idCaptcha=1, pathToImage='/resources/images/captcha/45634bfg4.png', valueCaptcha='Cth0HspF5Bg'}
23.06.2015 13:51:41 INFO  EmailSendController:139 - get captcha object Captcha{idCaptcha=1, pathToImage='/resources/images/captcha/45634bfg4.png', valueCaptcha='Cth0HspF5Bg'}
23.06.2015 13:51:41 INFO  EmailSendController:141 - removed value captcha
23.06.2015 13:52:54 INFO  EmailSendController:50 - input to sendEmail method
23.06.2015 13:52:56 INFO  CaptchaDAOImpl:52 - com.mtsmda.myBlog.daoImplSp.CaptchaDAOImpl.getCaptcha(Integer captchaId)
23.06.2015 13:52:56 INFO  CaptchaDAOImpl:62 - call SelectCaptcha stored procedure
23.06.2015 13:52:56 INFO  CaptchaDAOImpl:133 - get captcha object from result sp
23.06.2015 13:53:03 INFO  EmailSendController:110 - create message - Name - imyaMoeEmail is - 456456@mail.ruPhone number is - 125953Message subject is - simpleThemeMessage  - 43yehgMessage  - 23.06.2015 13:52:50.981
23.06.2015 13:53:14 INFO  EmailSendController:122 - send email successful
23.06.2015 13:53:16 INFO  EmailSendController:128 - insert mail in database
23.06.2015 13:53:17 INFO  EmailSendController:130 - Message successfully send
23.06.2015 13:54:11 INFO  EmailSendController:137 - get /updateCaptcha ws page
23.06.2015 13:54:11 INFO  CaptchaDAOImpl:79 - com.mtsmda.myBlog.daoImplSp.CaptchaDAOImpl.getRandomCaptcha()
23.06.2015 13:54:11 INFO  CaptchaDAOImpl:83 - call SelectRandomCaptcha stored procedure
23.06.2015 13:54:11 INFO  CaptchaDAOImpl:133 - get captcha object from result sp
23.06.2015 13:54:11 INFO  CaptchaDAOImpl:90 - com.mtsmda.myBlog.daoImplSp.CaptchaDAOImpl.getRandomCaptcha() return captcha object Captcha{idCaptcha=2, pathToImage='/resources/images/captcha/asdfskhds15ds.png', valueCaptcha='GY5dfdk43rV'}
23.06.2015 13:54:11 INFO  EmailSendController:139 - get captcha object Captcha{idCaptcha=2, pathToImage='/resources/images/captcha/asdfskhds15ds.png', valueCaptcha='GY5dfdk43rV'}
23.06.2015 13:54:11 INFO  EmailSendController:141 - removed value captcha
23.06.2015 13:54:23 INFO  MenuPagesController:32 - get /about_site page
23.06.2015 13:54:25 INFO  MenuPagesController:38 - get /contact_us page
23.06.2015 13:54:25 INFO  EmailSendController:137 - get /updateCaptcha ws page
23.06.2015 13:54:25 INFO  CaptchaDAOImpl:79 - com.mtsmda.myBlog.daoImplSp.CaptchaDAOImpl.getRandomCaptcha()
23.06.2015 13:54:25 INFO  CaptchaDAOImpl:83 - call SelectRandomCaptcha stored procedure
23.06.2015 13:54:25 INFO  CaptchaDAOImpl:133 - get captcha object from result sp
23.06.2015 13:54:25 INFO  CaptchaDAOImpl:90 - com.mtsmda.myBlog.daoImplSp.CaptchaDAOImpl.getRandomCaptcha() return captcha object Captcha{idCaptcha=4, pathToImage='/resources/images/captcha/dfsg69werth.png', valueCaptcha='5YydfD97Ngg'}
23.06.2015 13:54:25 INFO  EmailSendController:139 - get captcha object Captcha{idCaptcha=4, pathToImage='/resources/images/captcha/dfsg69werth.png', valueCaptcha='5YydfD97Ngg'}
23.06.2015 13:54:25 INFO  EmailSendController:141 - removed value captcha
25.06.2015 17:34:12 INFO  MenuPagesController:38 - get /contact_us page
25.06.2015 17:34:14 INFO  EmailSendController:138 - get /updateCaptcha ws page
25.06.2015 17:34:14 INFO  CaptchaDAOImpl:79 - com.mtsmda.myBlog.daoImplSp.CaptchaDAOImpl.getRandomCaptcha()
25.06.2015 17:34:14 INFO  CaptchaDAOImpl:83 - call SelectRandomCaptcha stored procedure
25.06.2015 17:34:14 INFO  CaptchaDAOImpl:133 - get captcha object from result sp
25.06.2015 17:34:14 INFO  CaptchaDAOImpl:90 - com.mtsmda.myBlog.daoImplSp.CaptchaDAOImpl.getRandomCaptcha() return captcha object Captcha{idCaptcha=4, pathToImage='/resources/images/captcha/dfsg69werth.png', valueCaptcha='5YydfD97Ngg'}
25.06.2015 17:34:14 INFO  EmailSendController:140 - get captcha object Captcha{idCaptcha=4, pathToImage='/resources/images/captcha/dfsg69werth.png', valueCaptcha='5YydfD97Ngg'}
25.06.2015 17:34:14 INFO  EmailSendController:142 - removed value captcha
